Open5GS daemon v2.4.4

08/31 10:54:38.717: [app] INFO: Configuration: '/open5gs/install/etc/open5gs/amf.yaml' (../lib/app/ogs-init.c:129)
08/31 10:54:38.717: [app] INFO: File Logging: '/open5gs/install/var/log/open5gs/amf.log' (../lib/app/ogs-init.c:132)
08/31 10:54:38.727: [sbi] INFO: nghttp2_server() [127.0.0.5]:7777 (../lib/sbi/nghttp2-server.c:144)
08/31 10:54:38.804: [sock] ERROR: socket bind(2) [192.168.0.111]:38412 failed (99:Cannot assign requested address) (../lib/core/ogs-socket.c:109)
08/31 10:54:38.805: [sock] ERROR: sctp_server() [192.168.0.111]:38412 failed (99:Cannot assign requested address) (../lib/sctp/ogs-lksctp.c:99)
08/31 10:54:38.805: [sctp] ERROR: Failed to intialize AMF (../src/amf/app.c:30)
08/31 10:54:38.806: [app] FATAL: Open5GS initialization failed. Aborted (../src/main.c:219)
Open5GS daemon v2.4.4

08/31 10:58:34.854: [app] INFO: Configuration: '/open5gs/install/etc/open5gs/amf.yaml' (../lib/app/ogs-init.c:129)
08/31 10:58:34.854: [app] INFO: File Logging: '/open5gs/install/var/log/open5gs/amf.log' (../lib/app/ogs-init.c:132)
08/31 10:58:34.856: [sbi] INFO: nghttp2_server() [127.0.0.5]:7777 (../lib/sbi/nghttp2-server.c:144)
08/31 10:58:34.858: [sock] ERROR: socket bind(2) [192.168.0.111]:38412 failed (99:Cannot assign requested address) (../lib/core/ogs-socket.c:109)
08/31 10:58:34.858: [sock] ERROR: sctp_server() [192.168.0.111]:38412 failed (99:Cannot assign requested address) (../lib/sctp/ogs-lksctp.c:99)
08/31 10:58:34.858: [sctp] ERROR: Failed to intialize AMF (../src/amf/app.c:30)
08/31 10:58:34.858: [app] FATAL: Open5GS initialization failed. Aborted (../src/main.c:219)
Open5GS daemon v2.4.4

08/31 11:05:09.302: [app] INFO: Configuration: '/open5gs/install/etc/open5gs/amf.yaml' (../lib/app/ogs-init.c:129)
08/31 11:05:09.302: [app] INFO: File Logging: '/open5gs/install/var/log/open5gs/amf.log' (../lib/app/ogs-init.c:132)
08/31 11:05:09.304: [sbi] INFO: nghttp2_server() [127.0.0.5]:7777 (../lib/sbi/nghttp2-server.c:144)
08/31 11:05:09.310: [amf] INFO: ngap_server() [192.168.0.111]:38412 (../src/amf/ngap-sctp.c:53)
08/31 11:05:09.310: [sctp] INFO: AMF initialize...done (../src/amf/app.c:33)
08/31 11:05:09.311: [amf] INFO: [3fc9a21a-47ee-41ee-a247-fd2b92e09d81] NF registred [Heartbeat:10s] (../src/amf/nf-sm.c:198)
08/31 11:05:09.325: [amf] INFO: [3fcc5ffa-47ee-41ee-87ad-172836dc3ea5] (NRF-notify) NF registered (../src/amf/nnrf-handler.c:182)
08/31 11:05:09.325: [amf] INFO: [3fcc5ffa-47ee-41ee-87ad-172836dc3ea5] (NRF-notify) NF Profile updated (../src/amf/nnrf-handler.c:201)
08/31 11:05:09.326: [amf] INFO: [3fcc88a4-47ee-41ee-9b5b-49790e8075c0] (NRF-notify) NF registered (../src/amf/nnrf-handler.c:182)
08/31 11:05:09.326: [amf] INFO: [3fcc88a4-47ee-41ee-9b5b-49790e8075c0] (NRF-notify) NF Profile updated (../src/amf/nnrf-handler.c:201)
08/31 11:05:09.327: [amf] INFO: [3fcc668a-47ee-41ee-9132-b71c92a4fe31] (NRF-notify) NF registered (../src/amf/nnrf-handler.c:182)
08/31 11:05:09.328: [amf] INFO: [3fcc668a-47ee-41ee-9132-b71c92a4fe31] (NRF-notify) NF Profile updated (../src/amf/nnrf-handler.c:201)
08/31 11:05:09.333: [amf] INFO: [3fcdbfda-47ee-41ee-964f-37e15beaaf61] (NRF-notify) NF registered (../src/amf/nnrf-handler.c:182)
08/31 11:05:09.333: [amf] INFO: [3fcdbfda-47ee-41ee-964f-37e15beaaf61] (NRF-notify) NF Profile updated (../src/amf/nnrf-handler.c:201)
08/31 11:05:09.344: [amf] INFO: [3fc95e4a-47ee-41ee-9cfe-31c75881f33c] (NRF-notify) NF registered (../src/amf/nnrf-handler.c:182)
08/31 11:05:09.344: [amf] INFO: [3fc95e4a-47ee-41ee-9cfe-31c75881f33c] (NRF-notify) NF Profile updated (../src/amf/nnrf-handler.c:201)
08/31 11:05:26.145: [amf] INFO: gNB-N2 accepted[192.168.0.131]:48876 in ng-path module (../src/amf/ngap-sctp.c:105)
08/31 11:05:26.145: [amf] INFO: gNB-N2 accepted[192.168.0.131] in master_sm module (../src/amf/amf-sm.c:619)
08/31 11:05:26.145: [amf] INFO: [GNB] max_num_of_ostreams : 30 (../src/amf/context.c:854)
08/31 11:05:26.145: [amf] INFO: [Added] Number of gNBs is now 1 (../src/amf/context.c:869)
08/31 11:05:31.591: [amf] INFO: InitialUEMessage (../src/amf/ngap-handler.c:361)
08/31 11:05:31.592: [amf] INFO: [Added] Number of gNB-UEs is now 1 (../src/amf/context.c:2064)
08/31 11:05:31.592: [amf] INFO:     RAN_UE_NGAP_ID[1] AMF_UE_NGAP_ID[1] TAC[1] CellID[0x10] (../src/amf/ngap-handler.c:497)
08/31 11:05:31.592: [amf] INFO: [suci-0-001-01-0000-0-0-1234567895] Unknown UE by SUCI (../src/amf/context.c:1390)
08/31 11:05:31.592: [amf] INFO: [Added] Number of AMF-UEs is now 1 (../src/amf/context.c:1189)
08/31 11:05:31.592: [gmm] INFO: Registration request (../src/amf/gmm-sm.c:134)
08/31 11:05:31.592: [gmm] INFO: [suci-0-001-01-0000-0-0-1234567895]    SUCI (../src/amf/gmm-handler.c:157)
08/31 11:05:31.639: [gmm] WARNING: [suci-0-001-01-0000-0-0-1234567895] Cannot find SUCI [404] (../src/amf/gmm-sm.c:649)
08/31 11:05:31.639: [amf] WARNING: [suci-0-001-01-0000-0-0-1234567895] Registration reject [11] (../src/amf/nas-path.c:154)
08/31 11:05:31.772: [amf] INFO: UE Context Release [Action:3] (../src/amf/ngap-handler.c:1398)
08/31 11:05:31.772: [amf] INFO:     RAN_UE_NGAP_ID[1] AMF_UE_NGAP_ID[1] (../src/amf/ngap-handler.c:1399)
08/31 11:05:31.772: [amf] INFO:     SUCI[suci-0-001-01-0000-0-0-1234567895] (../src/amf/ngap-handler.c:1402)
08/31 11:05:31.772: [amf] INFO: [Removed] Number of gNB-UEs is now 0 (../src/amf/context.c:2070)
08/31 11:05:31.772: [amf] INFO: [Removed] Number of AMF-UEs is now 0 (../src/amf/context.c:1273)
Open5GS daemon v2.4.4

08/31 12:32:40.206: [app] INFO: Configuration: '/open5gs/install/etc/open5gs/amf.yaml' (../lib/app/ogs-init.c:129)
08/31 12:32:40.206: [app] INFO: File Logging: '/open5gs/install/var/log/open5gs/amf.log' (../lib/app/ogs-init.c:132)
08/31 12:32:40.208: [sbi] INFO: nghttp2_server() [127.0.0.5]:7777 (../lib/sbi/nghttp2-server.c:144)
08/31 12:32:40.209: [amf] INFO: ngap_server() [192.168.0.111]:38412 (../src/amf/ngap-sctp.c:53)
08/31 12:32:40.211: [sctp] INFO: AMF initialize...done (../src/amf/app.c:33)
08/31 12:32:40.212: [amf] INFO: [7991ed52-47fa-41ee-abc5-e50ebcc6a1df] NF registred [Heartbeat:10s] (../src/amf/nf-sm.c:198)
08/31 12:32:40.224: [amf] INFO: [7993a4d0-47fa-41ee-99cb-dd121d9a8872] (NRF-notify) NF registered (../src/amf/nnrf-handler.c:182)
08/31 12:32:40.224: [amf] INFO: [7993a4d0-47fa-41ee-99cb-dd121d9a8872] (NRF-notify) NF Profile updated (../src/amf/nnrf-handler.c:201)
08/31 12:32:40.229: [amf] INFO: [799496a6-47fa-41ee-a48d-d51d30c046ab] (NRF-notify) NF registered (../src/amf/nnrf-handler.c:182)
08/31 12:32:40.229: [amf] INFO: [799496a6-47fa-41ee-a48d-d51d30c046ab] (NRF-notify) NF Profile updated (../src/amf/nnrf-handler.c:201)
08/31 12:32:40.280: [amf] INFO: [79950b5e-47fa-41ee-a216-773a3e6d27c3] (NRF-notify) NF registered (../src/amf/nnrf-handler.c:182)
08/31 12:32:40.280: [amf] INFO: [79950b5e-47fa-41ee-a216-773a3e6d27c3] (NRF-notify) NF Profile updated (../src/amf/nnrf-handler.c:201)
08/31 12:32:57.040: [amf] INFO: gNB-N2 accepted[192.168.0.131]:59109 in ng-path module (../src/amf/ngap-sctp.c:105)
08/31 12:32:57.040: [amf] INFO: gNB-N2 accepted[192.168.0.131] in master_sm module (../src/amf/amf-sm.c:619)
08/31 12:32:57.041: [amf] INFO: [GNB] max_num_of_ostreams : 30 (../src/amf/context.c:854)
08/31 12:32:57.041: [amf] INFO: [Added] Number of gNBs is now 1 (../src/amf/context.c:869)
08/31 12:33:02.397: [amf] INFO: InitialUEMessage (../src/amf/ngap-handler.c:361)
08/31 12:33:02.397: [amf] INFO: [Added] Number of gNB-UEs is now 1 (../src/amf/context.c:2064)
08/31 12:33:02.397: [amf] INFO:     RAN_UE_NGAP_ID[1] AMF_UE_NGAP_ID[1] TAC[1] CellID[0x10] (../src/amf/ngap-handler.c:497)
08/31 12:33:02.397: [amf] INFO: [suci-0-001-01-0000-0-0-1234567895] Unknown UE by SUCI (../src/amf/context.c:1390)
08/31 12:33:02.397: [amf] INFO: [Added] Number of AMF-UEs is now 1 (../src/amf/context.c:1189)
08/31 12:33:02.397: [gmm] INFO: Registration request (../src/amf/gmm-sm.c:134)
08/31 12:33:02.397: [gmm] INFO: [suci-0-001-01-0000-0-0-1234567895]    SUCI (../src/amf/gmm-handler.c:157)
08/31 12:33:02.397: [app] WARNING: Try to discover [AUSF] (../lib/sbi/path.c:110)
08/31 12:33:02.399: [amf] INFO: [79921764-47fa-41ee-9506-f9ccf06a460d] (NF-discover) NF registered (../src/amf/nnrf-handler.c:342)
08/31 12:33:02.400: [amf] INFO: [79921764-47fa-41ee-9506-f9ccf06a460d] (NF-discover) NF Profile updated (../src/amf/nnrf-handler.c:402)
08/31 12:33:02.405: [gmm] WARNING: [suci-0-001-01-0000-0-0-1234567895] Cannot find SUCI [404] (../src/amf/gmm-sm.c:649)
08/31 12:33:02.405: [amf] WARNING: [suci-0-001-01-0000-0-0-1234567895] Registration reject [11] (../src/amf/nas-path.c:154)
08/31 12:33:02.608: [amf] INFO: UE Context Release [Action:3] (../src/amf/ngap-handler.c:1398)
08/31 12:33:02.609: [amf] INFO:     RAN_UE_NGAP_ID[1] AMF_UE_NGAP_ID[1] (../src/amf/ngap-handler.c:1399)
08/31 12:33:02.609: [amf] INFO:     SUCI[suci-0-001-01-0000-0-0-1234567895] (../src/amf/ngap-handler.c:1402)
08/31 12:33:02.609: [amf] INFO: [Removed] Number of gNB-UEs is now 0 (../src/amf/context.c:2070)
08/31 12:33:02.609: [amf] INFO: [Removed] Number of AMF-UEs is now 0 (../src/amf/context.c:1273)
08/31 13:33:02.406: [amf] INFO: [79921764-47fa-41ee-9506-f9ccf06a460d] NF expired (../src/amf/nf-sm.c:303)
Open5GS daemon v2.4.4

08/31 14:53:54.442: [app] INFO: Configuration: '/open5gs/install/etc/open5gs/amf.yaml' (../lib/app/ogs-init.c:129)
08/31 14:53:54.442: [app] INFO: File Logging: '/open5gs/install/var/log/open5gs/amf.log' (../lib/app/ogs-init.c:132)
08/31 14:53:54.457: [sbi] INFO: nghttp2_server() [127.0.0.5]:7777 (../lib/sbi/nghttp2-server.c:144)
08/31 14:53:54.458: [amf] INFO: ngap_server() [192.168.0.111]:38412 (../src/amf/ngap-sctp.c:53)
08/31 14:53:54.465: [sctp] INFO: AMF initialize...done (../src/amf/app.c:33)
08/31 14:53:54.467: [amf] INFO: [349bdeba-480e-41ee-b1cb-f5ba3fe1bc3e] NF registred [Heartbeat:10s] (../src/amf/nf-sm.c:198)
08/31 14:53:54.473: [amf] INFO: [349e81ce-480e-41ee-96d6-b3c344a50d2a] (NRF-notify) NF registered (../src/amf/nnrf-handler.c:182)
08/31 14:53:54.473: [amf] INFO: [349e81ce-480e-41ee-96d6-b3c344a50d2a] (NRF-notify) NF Profile updated (../src/amf/nnrf-handler.c:201)
08/31 14:53:54.506: [amf] INFO: [349ffa22-480e-41ee-86e8-3d1856c471c3] (NRF-notify) NF registered (../src/amf/nnrf-handler.c:182)
08/31 14:53:54.506: [amf] INFO: [349ffa22-480e-41ee-86e8-3d1856c471c3] (NRF-notify) NF Profile updated (../src/amf/nnrf-handler.c:201)
08/31 14:54:11.483: [amf] INFO: gNB-N2 accepted[192.168.0.131]:41578 in ng-path module (../src/amf/ngap-sctp.c:105)
08/31 14:54:11.483: [amf] INFO: gNB-N2 accepted[192.168.0.131] in master_sm module (../src/amf/amf-sm.c:619)
08/31 14:54:11.484: [amf] INFO: [GNB] max_num_of_ostreams : 30 (../src/amf/context.c:854)
08/31 14:54:11.484: [amf] INFO: [Added] Number of gNBs is now 1 (../src/amf/context.c:869)
08/31 14:54:16.759: [amf] INFO: InitialUEMessage (../src/amf/ngap-handler.c:361)
08/31 14:54:16.759: [amf] INFO: [Added] Number of gNB-UEs is now 1 (../src/amf/context.c:2064)
08/31 14:54:16.759: [amf] INFO:     RAN_UE_NGAP_ID[1] AMF_UE_NGAP_ID[1] TAC[1] CellID[0x10] (../src/amf/ngap-handler.c:497)
08/31 14:54:16.759: [amf] INFO: [suci-0-001-01-0000-0-0-1234567895] Unknown UE by SUCI (../src/amf/context.c:1390)
08/31 14:54:16.759: [amf] INFO: [Added] Number of AMF-UEs is now 1 (../src/amf/context.c:1189)
08/31 14:54:16.759: [gmm] INFO: Registration request (../src/amf/gmm-sm.c:134)
08/31 14:54:16.759: [gmm] INFO: [suci-0-001-01-0000-0-0-1234567895]    SUCI (../src/amf/gmm-handler.c:157)
08/31 14:54:16.759: [app] WARNING: Try to discover [AUSF] (../lib/sbi/path.c:110)
08/31 14:54:16.761: [amf] INFO: [349b2394-480e-41ee-821e-c94c36c7b6a5] (NF-discover) NF registered (../src/amf/nnrf-handler.c:342)
08/31 14:54:16.762: [amf] INFO: [349b2394-480e-41ee-821e-c94c36c7b6a5] (NF-discover) NF Profile updated (../src/amf/nnrf-handler.c:402)
08/31 14:54:16.929: [gmm] WARNING: Authentication failure(Synch failure) (../src/amf/gmm-sm.c:548)
08/31 14:54:17.272: [app] WARNING: Try to discover [UDM] (../lib/sbi/path.c:110)
08/31 14:54:17.274: [amf] INFO: [349e71de-480e-41ee-8408-816c72c2b9bb] (NF-discover) NF registered (../src/amf/nnrf-handler.c:342)
08/31 14:54:17.274: [amf] INFO: [349e71de-480e-41ee-8408-816c72c2b9bb] (NF-discover) NF Profile updated (../src/amf/nnrf-handler.c:402)
08/31 14:54:17.858: [gmm] INFO: [imsi-001011234567895] Registration complete (../src/amf/gmm-sm.c:1063)
08/31 14:54:17.858: [amf] INFO: [imsi-001011234567895] Configuration update command (../src/amf/nas-path.c:389)
08/31 14:54:17.858: [gmm] INFO:     UTC [2023-08-31T14:54:17] Timezone[0]/DST[0] (../src/amf/gmm-build.c:502)
08/31 14:54:17.858: [gmm] INFO:     LOCAL [2023-08-31T14:54:17] Timezone[0]/DST[0] (../src/amf/gmm-build.c:507)
08/31 14:54:17.859: [amf] INFO: [Added] Number of AMF-Sessions is now 1 (../src/amf/context.c:2076)
08/31 14:54:17.859: [gmm] INFO: UE SUPI[imsi-001011234567895] DNN[internet] S_NSSAI[SST:1 SD:0x1] (../src/amf/gmm-handler.c:1047)
08/31 14:54:17.878: [amf] INFO: [Added] Number of AMF-Sessions is now 2 (../src/amf/context.c:2076)
08/31 14:54:17.878: [gmm] INFO: UE SUPI[imsi-001011234567895] DNN[mec] S_NSSAI[SST:2 SD:0x1] (../src/amf/gmm-handler.c:1047)
Open5GS daemon v2.4.4

08/31 17:08:27.646: [app] INFO: Configuration: '/open5gs/install/etc/open5gs/amf.yaml' (../lib/app/ogs-init.c:129)
08/31 17:08:27.646: [app] INFO: File Logging: '/open5gs/install/var/log/open5gs/amf.log' (../lib/app/ogs-init.c:132)
08/31 17:08:27.648: [sbi] INFO: nghttp2_server() [127.0.0.5]:7777 (../lib/sbi/nghttp2-server.c:144)
08/31 17:08:27.649: [amf] INFO: ngap_server() [192.168.0.111]:38412 (../src/amf/ngap-sctp.c:53)
08/31 17:08:27.655: [sctp] INFO: AMF initialize...done (../src/amf/app.c:33)
08/31 17:08:27.655: [amf] INFO: [009cecd6-4821-41ee-88f8-25b29e5c76c2] NF registred [Heartbeat:10s] (../src/amf/nf-sm.c:198)
08/31 17:08:27.660: [amf] INFO: [009ead3c-4821-41ee-af73-0dac84f57bc1] (NRF-notify) NF registered (../src/amf/nnrf-handler.c:182)
08/31 17:08:27.660: [amf] INFO: [009ead3c-4821-41ee-af73-0dac84f57bc1] (NRF-notify) NF Profile updated (../src/amf/nnrf-handler.c:201)
08/31 17:08:27.664: [amf] INFO: [009d7a52-4821-41ee-8ac8-db72add65a29] (NRF-notify) NF registered (../src/amf/nnrf-handler.c:182)
08/31 17:08:27.664: [amf] INFO: [009d7a52-4821-41ee-8ac8-db72add65a29] (NRF-notify) NF Profile updated (../src/amf/nnrf-handler.c:201)
08/31 17:08:27.665: [amf] INFO: [009f3f2c-4821-41ee-b798-dd1fd4c36f6c] (NRF-notify) NF registered (../src/amf/nnrf-handler.c:182)
08/31 17:08:27.665: [amf] INFO: [009f3f2c-4821-41ee-b798-dd1fd4c36f6c] (NRF-notify) NF Profile updated (../src/amf/nnrf-handler.c:201)
08/31 17:08:27.666: [amf] INFO: [009dd2ea-4821-41ee-b5f4-852be51ee730] (NRF-notify) NF registered (../src/amf/nnrf-handler.c:182)
08/31 17:08:27.666: [amf] INFO: [009dd2ea-4821-41ee-b5f4-852be51ee730] (NRF-notify) NF Profile updated (../src/amf/nnrf-handler.c:201)
08/31 17:08:27.718: [amf] INFO: [00a022f2-4821-41ee-a845-f5b9dc9b2497] (NRF-notify) NF registered (../src/amf/nnrf-handler.c:182)
08/31 17:08:27.718: [amf] INFO: [00a022f2-4821-41ee-a845-f5b9dc9b2497] (NRF-notify) NF Profile updated (../src/amf/nnrf-handler.c:201)
08/31 17:08:44.485: [amf] INFO: gNB-N2 accepted[192.168.0.131]:45458 in ng-path module (../src/amf/ngap-sctp.c:105)
08/31 17:08:44.485: [amf] INFO: gNB-N2 accepted[192.168.0.131] in master_sm module (../src/amf/amf-sm.c:619)
08/31 17:08:44.485: [amf] INFO: [GNB] max_num_of_ostreams : 30 (../src/amf/context.c:854)
08/31 17:08:44.485: [amf] INFO: [Added] Number of gNBs is now 1 (../src/amf/context.c:869)
08/31 17:08:49.798: [amf] INFO: InitialUEMessage (../src/amf/ngap-handler.c:361)
08/31 17:08:49.798: [amf] INFO: [Added] Number of gNB-UEs is now 1 (../src/amf/context.c:2064)
08/31 17:08:49.798: [amf] INFO:     RAN_UE_NGAP_ID[1] AMF_UE_NGAP_ID[1] TAC[1] CellID[0x10] (../src/amf/ngap-handler.c:497)
08/31 17:08:49.799: [amf] INFO: [suci-0-001-01-0000-0-0-1234567895] Unknown UE by SUCI (../src/amf/context.c:1390)
08/31 17:08:49.799: [amf] INFO: [Added] Number of AMF-UEs is now 1 (../src/amf/context.c:1189)
08/31 17:08:49.799: [gmm] INFO: Registration request (../src/amf/gmm-sm.c:134)
08/31 17:08:49.800: [gmm] INFO: [suci-0-001-01-0000-0-0-1234567895]    SUCI (../src/amf/gmm-handler.c:157)
08/31 17:08:49.976: [gmm] WARNING: Authentication failure(Synch failure) (../src/amf/gmm-sm.c:548)
08/31 17:08:50.773: [gmm] INFO: [imsi-001011234567895] Registration complete (../src/amf/gmm-sm.c:1063)
08/31 17:08:50.773: [amf] INFO: [imsi-001011234567895] Configuration update command (../src/amf/nas-path.c:389)
08/31 17:08:50.774: [gmm] INFO:     UTC [2023-08-31T17:08:50] Timezone[0]/DST[0] (../src/amf/gmm-build.c:502)
08/31 17:08:50.774: [gmm] INFO:     LOCAL [2023-08-31T17:08:50] Timezone[0]/DST[0] (../src/amf/gmm-build.c:507)
08/31 17:08:50.775: [amf] INFO: [Added] Number of AMF-Sessions is now 1 (../src/amf/context.c:2076)
08/31 17:08:50.775: [gmm] INFO: UE SUPI[imsi-001011234567895] DNN[internet] S_NSSAI[SST:1 SD:0x1] (../src/amf/gmm-handler.c:1047)
08/31 17:08:50.779: [amf] INFO: [Added] Number of AMF-Sessions is now 2 (../src/amf/context.c:2076)
08/31 17:08:50.779: [gmm] INFO: UE SUPI[imsi-001011234567895] DNN[mec] S_NSSAI[SST:2 SD:0x1] (../src/amf/gmm-handler.c:1047)
Open5GS daemon v2.4.4

09/04 08:29:40.662: [app] INFO: Configuration: '/open5gs/install/etc/open5gs/amf.yaml' (../lib/app/ogs-init.c:129)
09/04 08:29:40.662: [app] INFO: File Logging: '/open5gs/install/var/log/open5gs/amf.log' (../lib/app/ogs-init.c:132)
09/04 08:29:40.677: [sbi] INFO: nghttp2_server() [127.0.0.5]:7777 (../lib/sbi/nghttp2-server.c:144)
09/04 08:29:40.720: [sock] ERROR: socket bind(2) [192.168.0.111]:38412 failed (99:Cannot assign requested address) (../lib/core/ogs-socket.c:109)
09/04 08:29:40.720: [sock] ERROR: sctp_server() [192.168.0.111]:38412 failed (99:Cannot assign requested address) (../lib/sctp/ogs-lksctp.c:99)
09/04 08:29:40.720: [sctp] ERROR: Failed to intialize AMF (../src/amf/app.c:30)
09/04 08:29:40.720: [app] FATAL: Open5GS initialization failed. Aborted (../src/main.c:219)
Open5GS daemon v2.4.4

09/18 09:20:38.942: [app] INFO: Configuration: '/open5gs/install/etc/open5gs/amf.yaml' (../lib/app/ogs-init.c:129)
09/18 09:20:38.942: [app] INFO: File Logging: '/open5gs/install/var/log/open5gs/amf.log' (../lib/app/ogs-init.c:132)
09/18 09:20:38.953: [sbi] INFO: nghttp2_server() [127.0.0.5]:7777 (../lib/sbi/nghttp2-server.c:144)
09/18 09:20:39.024: [amf] INFO: ngap_server() [192.168.0.111]:38412 (../src/amf/ngap-sctp.c:53)
09/18 09:20:39.025: [sctp] INFO: AMF initialize...done (../src/amf/app.c:33)
09/18 09:20:39.028: [amf] INFO: [a1cc8f44-5604-41ee-bc7c-59c1ed0de83d] NF registred [Heartbeat:10s] (../src/amf/nf-sm.c:198)
09/18 09:20:39.182: [amf] INFO: [a1d9c09c-5604-41ee-833a-6150767f3e69] (NRF-notify) NF registered (../src/amf/nnrf-handler.c:182)
09/18 09:20:39.182: [amf] INFO: [a1d9c09c-5604-41ee-833a-6150767f3e69] (NRF-notify) NF Profile updated (../src/amf/nnrf-handler.c:201)
Open5GS daemon v2.4.4

09/18 09:25:52.627: [app] INFO: Configuration: '/open5gs/install/etc/open5gs/amf.yaml' (../lib/app/ogs-init.c:129)
09/18 09:25:52.627: [app] INFO: File Logging: '/open5gs/install/var/log/open5gs/amf.log' (../lib/app/ogs-init.c:132)
09/18 09:25:52.629: [sbi] INFO: nghttp2_server() [127.0.0.5]:7777 (../lib/sbi/nghttp2-server.c:144)
09/18 09:25:52.632: [amf] INFO: ngap_server() [192.168.0.111]:38412 (../src/amf/ngap-sctp.c:53)
09/18 09:25:52.632: [sctp] INFO: AMF initialize...done (../src/amf/app.c:33)
09/18 09:25:52.633: [amf] INFO: [5cc49a6c-5605-41ee-ae2f-0fd178f3a5d6] NF registred [Heartbeat:10s] (../src/amf/nf-sm.c:198)
09/18 09:25:52.642: [amf] INFO: [5cc66a68-5605-41ee-81c3-e90ab3939057] (NRF-notify) NF registered (../src/amf/nnrf-handler.c:182)
09/18 09:25:52.642: [amf] INFO: [5cc66a68-5605-41ee-81c3-e90ab3939057] (NRF-notify) NF Profile updated (../src/amf/nnrf-handler.c:201)
09/18 09:25:52.645: [amf] INFO: [5cc662fc-5605-41ee-a7ce-d9a7afb93832] (NRF-notify) NF registered (../src/amf/nnrf-handler.c:182)
09/18 09:25:52.645: [amf] INFO: [5cc662fc-5605-41ee-a7ce-d9a7afb93832] (NRF-notify) NF Profile updated (../src/amf/nnrf-handler.c:201)
09/18 09:25:52.762: [amf] INFO: [5cc84b9e-5605-41ee-84f6-f7bcc161cce2] (NRF-notify) NF registered (../src/amf/nnrf-handler.c:182)
09/18 09:25:52.762: [amf] INFO: [5cc84b9e-5605-41ee-84f6-f7bcc161cce2] (NRF-notify) NF Profile updated (../src/amf/nnrf-handler.c:201)
09/18 09:26:09.755: [amf] INFO: gNB-N2 accepted[192.168.0.131]:32846 in ng-path module (../src/amf/ngap-sctp.c:105)
09/18 09:26:09.755: [amf] INFO: gNB-N2 accepted[192.168.0.131] in master_sm module (../src/amf/amf-sm.c:619)
09/18 09:26:09.755: [amf] INFO: [GNB] max_num_of_ostreams : 30 (../src/amf/context.c:854)
09/18 09:26:09.756: [amf] INFO: [Added] Number of gNBs is now 1 (../src/amf/context.c:869)
09/18 09:26:14.850: [amf] INFO: InitialUEMessage (../src/amf/ngap-handler.c:361)
09/18 09:26:14.850: [amf] INFO: [Added] Number of gNB-UEs is now 1 (../src/amf/context.c:2064)
09/18 09:26:14.851: [amf] INFO:     RAN_UE_NGAP_ID[1] AMF_UE_NGAP_ID[1] TAC[1] CellID[0x10] (../src/amf/ngap-handler.c:497)
09/18 09:26:14.851: [amf] INFO: [suci-0-001-01-0000-0-0-1234567895] Unknown UE by SUCI (../src/amf/context.c:1390)
09/18 09:26:14.852: [amf] INFO: [Added] Number of AMF-UEs is now 1 (../src/amf/context.c:1189)
09/18 09:26:14.852: [gmm] INFO: Registration request (../src/amf/gmm-sm.c:134)
09/18 09:26:14.852: [gmm] INFO: [suci-0-001-01-0000-0-0-1234567895]    SUCI (../src/amf/gmm-handler.c:157)
09/18 09:26:14.858: [app] WARNING: Try to discover [AUSF] (../lib/sbi/path.c:110)
09/18 09:26:14.866: [amf] INFO: [5cc3e270-5605-41ee-90f6-8978c2e740c1] (NF-discover) NF registered (../src/amf/nnrf-handler.c:342)
09/18 09:26:14.867: [amf] INFO: [5cc3e270-5605-41ee-90f6-8978c2e740c1] (NF-discover) NF Profile updated (../src/amf/nnrf-handler.c:402)
09/18 09:26:15.244: [app] WARNING: Try to discover [UDM] (../lib/sbi/path.c:110)
09/18 09:26:15.246: [amf] INFO: [5cc3fc7e-5605-41ee-84f1-59eb37c9385c] (NF-discover) NF registered (../src/amf/nnrf-handler.c:342)
09/18 09:26:15.246: [amf] INFO: [5cc3fc7e-5605-41ee-84f1-59eb37c9385c] (NF-discover) NF Profile updated (../src/amf/nnrf-handler.c:402)
09/18 09:26:15.755: [gmm] INFO: [imsi-001011234567895] Registration complete (../src/amf/gmm-sm.c:1063)
09/18 09:26:15.755: [amf] INFO: [imsi-001011234567895] Configuration update command (../src/amf/nas-path.c:389)
09/18 09:26:15.755: [gmm] INFO:     UTC [2023-09-18T09:26:15] Timezone[0]/DST[0] (../src/amf/gmm-build.c:502)
09/18 09:26:15.755: [gmm] INFO:     LOCAL [2023-09-18T09:26:15] Timezone[0]/DST[0] (../src/amf/gmm-build.c:507)
09/18 09:26:15.756: [amf] INFO: [Added] Number of AMF-Sessions is now 1 (../src/amf/context.c:2076)
09/18 09:26:15.756: [gmm] INFO: UE SUPI[imsi-001011234567895] DNN[internet] S_NSSAI[SST:1 SD:0x1] (../src/amf/gmm-handler.c:1047)
09/18 09:26:15.764: [amf] INFO: [Added] Number of AMF-Sessions is now 2 (../src/amf/context.c:2076)
09/18 09:26:15.764: [gmm] INFO: UE SUPI[imsi-001011234567895] DNN[mec] S_NSSAI[SST:2 SD:0x1] (../src/amf/gmm-handler.c:1047)
Open5GS daemon v2.4.4

09/18 09:40:57.232: [app] INFO: Configuration: '/open5gs/install/etc/open5gs/amf.yaml' (../lib/app/ogs-init.c:129)
09/18 09:40:57.233: [app] INFO: File Logging: '/open5gs/install/var/log/open5gs/amf.log' (../lib/app/ogs-init.c:132)
09/18 09:40:57.240: [sbi] INFO: nghttp2_server() [127.0.0.5]:7777 (../lib/sbi/nghttp2-server.c:144)
09/18 09:40:57.241: [amf] INFO: ngap_server() [192.168.0.111]:38412 (../src/amf/ngap-sctp.c:53)
09/18 09:40:57.244: [sctp] INFO: AMF initialize...done (../src/amf/app.c:33)
09/18 09:40:57.244: [amf] INFO: [77f4d11a-5607-41ee-8630-bfeeb7e90c2b] NF registred [Heartbeat:10s] (../src/amf/nf-sm.c:198)
09/18 09:40:57.290: [amf] INFO: [77f66e80-5607-41ee-a9bb-dbb150a230a0] (NRF-notify) NF registered (../src/amf/nnrf-handler.c:182)
09/18 09:40:57.290: [amf] INFO: [77f66e80-5607-41ee-a9bb-dbb150a230a0] (NRF-notify) NF Profile updated (../src/amf/nnrf-handler.c:201)
09/18 09:41:14.111: [amf] INFO: gNB-N2 accepted[192.168.0.131]:41615 in ng-path module (../src/amf/ngap-sctp.c:105)
09/18 09:41:14.111: [amf] INFO: gNB-N2 accepted[192.168.0.131] in master_sm module (../src/amf/amf-sm.c:619)
09/18 09:41:14.111: [amf] INFO: [GNB] max_num_of_ostreams : 30 (../src/amf/context.c:854)
09/18 09:41:14.111: [amf] INFO: [Added] Number of gNBs is now 1 (../src/amf/context.c:869)
09/18 09:41:19.405: [amf] INFO: InitialUEMessage (../src/amf/ngap-handler.c:361)
09/18 09:41:19.405: [amf] INFO: [Added] Number of gNB-UEs is now 1 (../src/amf/context.c:2064)
09/18 09:41:19.405: [amf] INFO:     RAN_UE_NGAP_ID[1] AMF_UE_NGAP_ID[1] TAC[1] CellID[0x10] (../src/amf/ngap-handler.c:497)
09/18 09:41:19.405: [amf] INFO: [suci-0-001-01-0000-0-0-1234567895] Unknown UE by SUCI (../src/amf/context.c:1390)
09/18 09:41:19.405: [amf] INFO: [Added] Number of AMF-UEs is now 1 (../src/amf/context.c:1189)
09/18 09:41:19.405: [gmm] INFO: Registration request (../src/amf/gmm-sm.c:134)
09/18 09:41:19.406: [gmm] INFO: [suci-0-001-01-0000-0-0-1234567895]    SUCI (../src/amf/gmm-handler.c:157)
09/18 09:41:19.406: [app] WARNING: Try to discover [AUSF] (../lib/sbi/path.c:110)
09/18 09:41:19.407: [amf] INFO: [77f4be3c-5607-41ee-a400-2df3d34769b7] (NF-discover) NF registered (../src/amf/nnrf-handler.c:342)
09/18 09:41:19.408: [amf] INFO: [77f4be3c-5607-41ee-a400-2df3d34769b7] (NF-discover) NF Profile updated (../src/amf/nnrf-handler.c:402)
09/18 09:41:19.728: [app] WARNING: Try to discover [UDM] (../lib/sbi/path.c:110)
09/18 09:41:19.730: [amf] INFO: [77f4e0b0-5607-41ee-8733-673730e7ee95] (NF-discover) NF registered (../src/amf/nnrf-handler.c:342)
09/18 09:41:19.731: [amf] INFO: [77f4e0b0-5607-41ee-8733-673730e7ee95] (NF-discover) NF Profile updated (../src/amf/nnrf-handler.c:402)
09/18 09:41:19.741: [app] WARNING: Try to discover [PCF] (../lib/sbi/path.c:110)
09/18 09:41:19.743: [amf] INFO: [77f479c2-5607-41ee-891e-afb89edd9ff4] (NF-discover) NF registered (../src/amf/nnrf-handler.c:342)
09/18 09:41:19.743: [amf] INFO: [77f479c2-5607-41ee-891e-afb89edd9ff4] (NF-discover) NF Profile updated (../src/amf/nnrf-handler.c:402)
09/18 09:41:20.266: [gmm] INFO: [imsi-001011234567895] Registration complete (../src/amf/gmm-sm.c:1063)
09/18 09:41:20.266: [amf] INFO: [imsi-001011234567895] Configuration update command (../src/amf/nas-path.c:389)
09/18 09:41:20.266: [gmm] INFO:     UTC [2023-09-18T09:41:20] Timezone[0]/DST[0] (../src/amf/gmm-build.c:502)
09/18 09:41:20.266: [gmm] INFO:     LOCAL [2023-09-18T09:41:20] Timezone[0]/DST[0] (../src/amf/gmm-build.c:507)
09/18 09:41:20.266: [amf] INFO: [Added] Number of AMF-Sessions is now 1 (../src/amf/context.c:2076)
09/18 09:41:20.266: [gmm] INFO: UE SUPI[imsi-001011234567895] DNN[internet] S_NSSAI[SST:1 SD:0x1] (../src/amf/gmm-handler.c:1047)
09/18 09:41:20.266: [amf] INFO: [Added] Number of AMF-Sessions is now 2 (../src/amf/context.c:2076)
09/18 09:41:20.266: [gmm] INFO: UE SUPI[imsi-001011234567895] DNN[mec] S_NSSAI[SST:2 SD:0x1] (../src/amf/gmm-handler.c:1047)
