Open5GS daemon v2.4.4

08/31 10:54:38.491: [app] INFO: Configuration: '/open5gs/install/etc/open5gs/bsf.yaml' (../lib/app/ogs-init.c:129)
08/31 10:54:38.491: [app] INFO: File Logging: '/open5gs/install/var/log/open5gs/bsf.log' (../lib/app/ogs-init.c:132)
08/31 10:54:38.492: [sbi] INFO: nghttp2_server() [127.0.0.15]:7777 (../lib/sbi/nghttp2-server.c:144)
08/31 10:54:38.539: [app] INFO: BSF initialize...done (../src/bsf/app.c:31)
08/31 10:54:38.588: [bsf] INFO: [c7cb8b12-47ec-41ee-9af8-598a77e30587] NF registred [Heartbeat:10s] (../src/bsf/nf-sm.c:199)
Open5GS daemon v2.4.4

08/31 10:58:34.858: [app] INFO: Configuration: '/open5gs/install/etc/open5gs/bsf.yaml' (../lib/app/ogs-init.c:129)
08/31 10:58:34.858: [app] INFO: File Logging: '/open5gs/install/var/log/open5gs/bsf.log' (../lib/app/ogs-init.c:132)
08/31 10:58:34.859: [sbi] INFO: nghttp2_server() [127.0.0.15]:7777 (../lib/sbi/nghttp2-server.c:144)
08/31 10:58:34.863: [app] INFO: BSF initialize...done (../src/bsf/app.c:31)
08/31 10:58:34.865: [bsf] INFO: [54ae3912-47ed-41ee-a89d-9be2d82a78d0] NF registred [Heartbeat:10s] (../src/bsf/nf-sm.c:199)
Open5GS daemon v2.4.4

08/31 11:05:09.321: [app] INFO: Configuration: '/open5gs/install/etc/open5gs/bsf.yaml' (../lib/app/ogs-init.c:129)
08/31 11:05:09.321: [app] INFO: File Logging: '/open5gs/install/var/log/open5gs/bsf.log' (../lib/app/ogs-init.c:132)
08/31 11:05:09.321: [sbi] INFO: nghttp2_server() [127.0.0.15]:7777 (../lib/sbi/nghttp2-server.c:144)
08/31 11:05:09.327: [app] INFO: BSF initialize...done (../src/bsf/app.c:31)
08/31 11:05:09.328: [bsf] INFO: [3fcc7ba2-47ee-41ee-82cf-fba9e99a12ee] NF registred [Heartbeat:10s] (../src/bsf/nf-sm.c:199)
Open5GS daemon v2.4.4

08/31 12:32:40.214: [app] INFO: Configuration: '/open5gs/install/etc/open5gs/bsf.yaml' (../lib/app/ogs-init.c:129)
08/31 12:32:40.214: [app] INFO: File Logging: '/open5gs/install/var/log/open5gs/bsf.log' (../lib/app/ogs-init.c:132)
08/31 12:32:40.214: [sbi] INFO: nghttp2_server() [127.0.0.15]:7777 (../lib/sbi/nghttp2-server.c:144)
08/31 12:32:40.224: [app] INFO: BSF initialize...done (../src/bsf/app.c:31)
08/31 12:32:40.225: [bsf] INFO: [799322e4-47fa-41ee-8662-4f7e4b993d32] NF registred [Heartbeat:10s] (../src/bsf/nf-sm.c:199)
Open5GS daemon v2.4.4

08/31 14:53:54.458: [app] INFO: Configuration: '/open5gs/install/etc/open5gs/bsf.yaml' (../lib/app/ogs-init.c:129)
08/31 14:53:54.458: [app] INFO: File Logging: '/open5gs/install/var/log/open5gs/bsf.log' (../lib/app/ogs-init.c:132)
08/31 14:53:54.459: [sbi] INFO: nghttp2_server() [127.0.0.15]:7777 (../lib/sbi/nghttp2-server.c:144)
08/31 14:53:54.470: [app] INFO: BSF initialize...done (../src/bsf/app.c:31)
08/31 14:53:54.473: [bsf] INFO: [349e4b8c-480e-41ee-aa99-91a78a755ac0] NF registred [Heartbeat:10s] (../src/bsf/nf-sm.c:199)
Open5GS daemon v2.4.4

08/31 17:08:27.645: [app] INFO: Configuration: '/open5gs/install/etc/open5gs/bsf.yaml' (../lib/app/ogs-init.c:129)
08/31 17:08:27.645: [app] INFO: File Logging: '/open5gs/install/var/log/open5gs/bsf.log' (../lib/app/ogs-init.c:132)
08/31 17:08:27.645: [sbi] INFO: nghttp2_server() [127.0.0.15]:7777 (../lib/sbi/nghttp2-server.c:144)
08/31 17:08:27.654: [app] INFO: BSF initialize...done (../src/bsf/app.c:31)
08/31 17:08:27.655: [bsf] INFO: [009cc2c4-4821-41ee-8f9f-97ff2ff8fdc0] NF registred [Heartbeat:10s] (../src/bsf/nf-sm.c:199)
Open5GS daemon v2.4.4

09/04 08:29:40.402: [app] INFO: Configuration: '/open5gs/install/etc/open5gs/bsf.yaml' (../lib/app/ogs-init.c:129)
09/04 08:29:40.402: [app] INFO: File Logging: '/open5gs/install/var/log/open5gs/bsf.log' (../lib/app/ogs-init.c:132)
09/04 08:29:40.402: [sbi] INFO: nghttp2_server() [127.0.0.15]:7777 (../lib/sbi/nghttp2-server.c:144)
09/04 08:29:40.439: [app] INFO: BSF initialize...done (../src/bsf/app.c:31)
09/04 08:29:40.504: [bsf] INFO: [30fb618a-4afd-41ee-97f0-6b360855f78c] NF registred [Heartbeat:10s] (../src/bsf/nf-sm.c:199)
Open5GS daemon v2.4.4

09/18 09:20:38.693: [app] INFO: Configuration: '/open5gs/install/etc/open5gs/bsf.yaml' (../lib/app/ogs-init.c:129)
09/18 09:20:38.693: [app] INFO: File Logging: '/open5gs/install/var/log/open5gs/bsf.log' (../lib/app/ogs-init.c:132)
09/18 09:20:38.694: [sbi] INFO: nghttp2_server() [127.0.0.15]:7777 (../lib/sbi/nghttp2-server.c:144)
09/18 09:20:38.743: [app] INFO: BSF initialize...done (../src/bsf/app.c:31)
09/18 09:20:38.804: [bsf] INFO: [a1a6221e-5604-41ee-b5de-9dda6a3979ac] NF registred [Heartbeat:10s] (../src/bsf/nf-sm.c:199)
Open5GS daemon v2.4.4

09/18 09:25:52.637: [app] INFO: Configuration: '/open5gs/install/etc/open5gs/bsf.yaml' (../lib/app/ogs-init.c:129)
09/18 09:25:52.637: [app] INFO: File Logging: '/open5gs/install/var/log/open5gs/bsf.log' (../lib/app/ogs-init.c:132)
09/18 09:25:52.638: [sbi] INFO: nghttp2_server() [127.0.0.15]:7777 (../lib/sbi/nghttp2-server.c:144)
09/18 09:25:52.640: [app] INFO: BSF initialize...done (../src/bsf/app.c:31)
09/18 09:25:52.641: [bsf] INFO: [5cc62ee0-5605-41ee-b313-9153a884e020] NF registred [Heartbeat:10s] (../src/bsf/nf-sm.c:199)
Open5GS daemon v2.4.4

09/18 09:40:57.233: [app] INFO: Configuration: '/open5gs/install/etc/open5gs/bsf.yaml' (../lib/app/ogs-init.c:129)
09/18 09:40:57.233: [app] INFO: File Logging: '/open5gs/install/var/log/open5gs/bsf.log' (../lib/app/ogs-init.c:132)
09/18 09:40:57.234: [sbi] INFO: nghttp2_server() [127.0.0.15]:7777 (../lib/sbi/nghttp2-server.c:144)
09/18 09:40:57.245: [app] INFO: BSF initialize...done (../src/bsf/app.c:31)
09/18 09:40:57.247: [bsf] INFO: [77f49dbc-5607-41ee-bc71-d3e0bc077924] NF registred [Heartbeat:10s] (../src/bsf/nf-sm.c:199)
