Open5GS daemon v2.4.4

08/31 10:54:34.551: [app] INFO: Configuration: '/open5gs/install/etc/open5gs/nrf.yaml' (../lib/app/ogs-init.c:129)
08/31 10:54:34.551: [app] INFO: File Logging: '/open5gs/install/var/log/open5gs/nrf.log' (../lib/app/ogs-init.c:132)
08/31 10:54:34.569: [sbi] INFO: nghttp2_server() [127.0.0.10]:7777 (../lib/sbi/nghttp2-server.c:144)
08/31 10:54:34.570: [app] INFO: NRF initialize...done (../src/nrf/app.c:31)
08/31 10:54:38.537: [nrf] INFO: [c7c9c408-47ec-41ee-b986-c709e9223335] NF registred [Heartbeat:10s] (../src/nrf/nf-sm.c:192)
08/31 10:54:38.578: [nrf] INFO: [c7cb8eb4-47ec-41ee-b5d9-e3aa9db3d9c1] NF registred [Heartbeat:10s] (../src/nrf/nf-sm.c:192)
08/31 10:54:38.580: [nrf] INFO: [c7cbb8e4-47ec-41ee-9b05-2df24a24d801] NF registred [Heartbeat:10s] (../src/nrf/nf-sm.c:192)
08/31 10:54:38.582: [nrf] INFO: [c7cbcb22-47ec-41ee-aff2-09cada55333a] NF registred [Heartbeat:10s] (../src/nrf/nf-sm.c:192)
08/31 10:54:38.585: [nrf] INFO: [c7cb8b12-47ec-41ee-9af8-598a77e30587] NF registred [Heartbeat:10s] (../src/nrf/nf-sm.c:192)
08/31 10:54:38.587: [nrf] INFO: [c7cbd450-47ec-41ee-861f-936be71311b7] NF registred [Heartbeat:10s] (../src/nrf/nf-sm.c:192)
Open5GS daemon v2.4.4

08/31 10:58:29.827: [app] INFO: Configuration: '/open5gs/install/etc/open5gs/nrf.yaml' (../lib/app/ogs-init.c:129)
08/31 10:58:29.827: [app] INFO: File Logging: '/open5gs/install/var/log/open5gs/nrf.log' (../lib/app/ogs-init.c:132)
08/31 10:58:29.827: [sbi] INFO: nghttp2_server() [127.0.0.10]:7777 (../lib/sbi/nghttp2-server.c:144)
08/31 10:58:29.827: [app] INFO: NRF initialize...done (../src/nrf/app.c:31)
08/31 10:58:34.863: [nrf] INFO: [54ada4de-47ed-41ee-a28a-d3ae0d437981] NF registred [Heartbeat:10s] (../src/nrf/nf-sm.c:192)
08/31 10:58:34.863: [nrf] INFO: [54ada286-47ed-41ee-9033-7b8fe26465a5] NF registred [Heartbeat:10s] (../src/nrf/nf-sm.c:192)
08/31 10:58:34.863: [nrf] INFO: [54ae3912-47ed-41ee-a89d-9be2d82a78d0] NF registred [Heartbeat:10s] (../src/nrf/nf-sm.c:192)
08/31 10:58:34.868: [nrf] INFO: [54ae8aa2-47ed-41ee-bf47-c9d89d608090] NF registred [Heartbeat:10s] (../src/nrf/nf-sm.c:192)
08/31 10:58:34.869: [nrf] INFO: [54af6bb6-47ed-41ee-a346-7985c105213c] NF registred [Heartbeat:10s] (../src/nrf/nf-sm.c:192)
08/31 10:58:34.870: [nrf] INFO: [54af36dc-47ed-41ee-bed9-db96044a8259] NF registred [Heartbeat:10s] (../src/nrf/nf-sm.c:192)
Open5GS daemon v2.4.4

08/31 11:05:04.285: [app] INFO: Configuration: '/open5gs/install/etc/open5gs/nrf.yaml' (../lib/app/ogs-init.c:129)
08/31 11:05:04.285: [app] INFO: File Logging: '/open5gs/install/var/log/open5gs/nrf.log' (../lib/app/ogs-init.c:132)
08/31 11:05:04.285: [sbi] INFO: nghttp2_server() [127.0.0.10]:7777 (../lib/sbi/nghttp2-server.c:144)
08/31 11:05:04.285: [app] INFO: NRF initialize...done (../src/nrf/app.c:31)
08/31 11:05:09.311: [nrf] INFO: [3fc9a21a-47ee-41ee-a247-fd2b92e09d81] NF registred [Heartbeat:10s] (../src/nrf/nf-sm.c:192)
08/31 11:05:09.325: [nrf] INFO: [3fcc5ffa-47ee-41ee-87ad-172836dc3ea5] NF registred [Heartbeat:10s] (../src/nrf/nf-sm.c:192)
08/31 11:05:09.326: [nrf] INFO: [3fcc88a4-47ee-41ee-9b5b-49790e8075c0] NF registred [Heartbeat:10s] (../src/nrf/nf-sm.c:192)
08/31 11:05:09.327: [nrf] INFO: [3fcc668a-47ee-41ee-9132-b71c92a4fe31] NF registred [Heartbeat:10s] (../src/nrf/nf-sm.c:192)
08/31 11:05:09.328: [nrf] INFO: [3fcc7ba2-47ee-41ee-82cf-fba9e99a12ee] NF registred [Heartbeat:10s] (../src/nrf/nf-sm.c:192)
08/31 11:05:09.331: [nrf] INFO: [3fcda356-47ee-41ee-94bf-e37cd1a22881] NF registred [Heartbeat:10s] (../src/nrf/nf-sm.c:192)
08/31 11:05:09.333: [nrf] INFO: [3fcdbfda-47ee-41ee-964f-37e15beaaf61] NF registred [Heartbeat:10s] (../src/nrf/nf-sm.c:192)
08/31 11:05:09.344: [nrf] INFO: [3fc95e4a-47ee-41ee-9cfe-31c75881f33c] NF registred [Heartbeat:10s] (../src/nrf/nf-sm.c:192)
Open5GS daemon v2.4.4

08/31 12:32:35.186: [app] INFO: Configuration: '/open5gs/install/etc/open5gs/nrf.yaml' (../lib/app/ogs-init.c:129)
08/31 12:32:35.186: [app] INFO: File Logging: '/open5gs/install/var/log/open5gs/nrf.log' (../lib/app/ogs-init.c:132)
08/31 12:32:35.186: [sbi] INFO: nghttp2_server() [127.0.0.10]:7777 (../lib/sbi/nghttp2-server.c:144)
08/31 12:32:35.187: [app] INFO: NRF initialize...done (../src/nrf/app.c:31)
08/31 12:32:40.210: [nrf] INFO: [7991d038-47fa-41ee-b13a-3f00a7cff68d] NF registred [Heartbeat:10s] (../src/nrf/nf-sm.c:192)
08/31 12:32:40.211: [nrf] INFO: [79921764-47fa-41ee-9506-f9ccf06a460d] NF registred [Heartbeat:10s] (../src/nrf/nf-sm.c:192)
08/31 12:32:40.212: [nrf] INFO: [7991ed52-47fa-41ee-abc5-e50ebcc6a1df] NF registred [Heartbeat:10s] (../src/nrf/nf-sm.c:192)
08/31 12:32:40.222: [nrf] INFO: [7993a4d0-47fa-41ee-99cb-dd121d9a8872] NF registred [Heartbeat:10s] (../src/nrf/nf-sm.c:192)
08/31 12:32:40.224: [nrf] INFO: [799322e4-47fa-41ee-8662-4f7e4b993d32] NF registred [Heartbeat:10s] (../src/nrf/nf-sm.c:192)
08/31 12:32:40.227: [nrf] INFO: [799475e0-47fa-41ee-b2b9-1510109c093b] NF registred [Heartbeat:10s] (../src/nrf/nf-sm.c:192)
08/31 12:32:40.228: [nrf] INFO: [799496a6-47fa-41ee-a48d-d51d30c046ab] NF registred [Heartbeat:10s] (../src/nrf/nf-sm.c:192)
08/31 12:32:40.280: [nrf] INFO: [79950b5e-47fa-41ee-a216-773a3e6d27c3] NF registred [Heartbeat:10s] (../src/nrf/nf-sm.c:192)
Open5GS daemon v2.4.4

08/31 14:53:49.425: [app] INFO: Configuration: '/open5gs/install/etc/open5gs/nrf.yaml' (../lib/app/ogs-init.c:129)
08/31 14:53:49.425: [app] INFO: File Logging: '/open5gs/install/var/log/open5gs/nrf.log' (../lib/app/ogs-init.c:132)
08/31 14:53:49.427: [sbi] INFO: nghttp2_server() [127.0.0.10]:7777 (../lib/sbi/nghttp2-server.c:144)
08/31 14:53:49.427: [app] INFO: NRF initialize...done (../src/nrf/app.c:31)
08/31 14:53:54.456: [nrf] INFO: [349b2394-480e-41ee-821e-c94c36c7b6a5] NF registred [Heartbeat:10s] (../src/nrf/nf-sm.c:192)
08/31 14:53:54.463: [nrf] INFO: [349e71de-480e-41ee-8408-816c72c2b9bb] NF registred [Heartbeat:10s] (../src/nrf/nf-sm.c:192)
08/31 14:53:54.466: [nrf] INFO: [349bdeba-480e-41ee-b1cb-f5ba3fe1bc3e] NF registred [Heartbeat:10s] (../src/nrf/nf-sm.c:192)
08/31 14:53:54.467: [nrf] INFO: [349e8a16-480e-41ee-b65b-77d4e36f75d6] NF registred [Heartbeat:10s] (../src/nrf/nf-sm.c:192)
08/31 14:53:54.471: [nrf] INFO: [349e4b8c-480e-41ee-aa99-91a78a755ac0] NF registred [Heartbeat:10s] (../src/nrf/nf-sm.c:192)
08/31 14:53:54.472: [nrf] INFO: [349e81ce-480e-41ee-96d6-b3c344a50d2a] NF registred [Heartbeat:10s] (../src/nrf/nf-sm.c:192)
08/31 14:53:54.474: [nrf] INFO: [349ebad6-480e-41ee-8b1c-a141956c3e2b] NF registred [Heartbeat:10s] (../src/nrf/nf-sm.c:192)
08/31 14:53:54.506: [nrf] INFO: [349ffa22-480e-41ee-86e8-3d1856c471c3] NF registred [Heartbeat:10s] (../src/nrf/nf-sm.c:192)
Open5GS daemon v2.4.4

08/31 17:08:22.591: [app] INFO: Configuration: '/open5gs/install/etc/open5gs/nrf.yaml' (../lib/app/ogs-init.c:129)
08/31 17:08:22.591: [app] INFO: File Logging: '/open5gs/install/var/log/open5gs/nrf.log' (../lib/app/ogs-init.c:132)
08/31 17:08:22.592: [sbi] INFO: nghttp2_server() [127.0.0.10]:7777 (../lib/sbi/nghttp2-server.c:144)
08/31 17:08:22.592: [app] INFO: NRF initialize...done (../src/nrf/app.c:31)
08/31 17:08:27.652: [nrf] INFO: [009cecd6-4821-41ee-88f8-25b29e5c76c2] NF registred [Heartbeat:10s] (../src/nrf/nf-sm.c:192)
08/31 17:08:27.655: [nrf] INFO: [009cc2c4-4821-41ee-8f9f-97ff2ff8fdc0] NF registred [Heartbeat:10s] (../src/nrf/nf-sm.c:192)
08/31 17:08:27.660: [nrf] INFO: [009ead3c-4821-41ee-af73-0dac84f57bc1] NF registred [Heartbeat:10s] (../src/nrf/nf-sm.c:192)
08/31 17:08:27.660: [nrf] INFO: [009eb494-4821-41ee-bd6f-b5122417d018] NF registred [Heartbeat:10s] (../src/nrf/nf-sm.c:192)
08/31 17:08:27.664: [nrf] INFO: [009d7a52-4821-41ee-8ac8-db72add65a29] NF registred [Heartbeat:10s] (../src/nrf/nf-sm.c:192)
08/31 17:08:27.665: [nrf] INFO: [009f3f2c-4821-41ee-b798-dd1fd4c36f6c] NF registred [Heartbeat:10s] (../src/nrf/nf-sm.c:192)
08/31 17:08:27.666: [nrf] INFO: [009dd2ea-4821-41ee-b5f4-852be51ee730] NF registred [Heartbeat:10s] (../src/nrf/nf-sm.c:192)
08/31 17:08:27.717: [nrf] INFO: [00a022f2-4821-41ee-a845-f5b9dc9b2497] NF registred [Heartbeat:10s] (../src/nrf/nf-sm.c:192)
Open5GS daemon v2.4.4

09/04 08:29:36.952: [app] INFO: Configuration: '/open5gs/install/etc/open5gs/nrf.yaml' (../lib/app/ogs-init.c:129)
09/04 08:29:36.952: [app] INFO: File Logging: '/open5gs/install/var/log/open5gs/nrf.log' (../lib/app/ogs-init.c:132)
09/04 08:29:36.982: [sbi] INFO: nghttp2_server() [127.0.0.10]:7777 (../lib/sbi/nghttp2-server.c:144)
09/04 08:29:36.982: [app] INFO: NRF initialize...done (../src/nrf/app.c:31)
09/04 08:29:40.438: [nrf] INFO: [30f8ec5c-4afd-41ee-91bc-990b8b4c0802] NF registred [Heartbeat:10s] (../src/nrf/nf-sm.c:192)
09/04 08:29:40.495: [nrf] INFO: [30fb7148-4afd-41ee-bcea-dd9067037876] NF registred [Heartbeat:10s] (../src/nrf/nf-sm.c:192)
09/04 08:29:40.498: [nrf] INFO: [30f96876-4afd-41ee-90eb-9b2965d6ebbc] NF registred [Heartbeat:10s] (../src/nrf/nf-sm.c:192)
09/04 08:29:40.499: [nrf] INFO: [30fb780a-4afd-41ee-b258-13d0d4cb601f] NF registred [Heartbeat:10s] (../src/nrf/nf-sm.c:192)
09/04 08:29:40.500: [nrf] INFO: [30fb618a-4afd-41ee-97f0-6b360855f78c] NF registred [Heartbeat:10s] (../src/nrf/nf-sm.c:192)
09/04 08:29:40.503: [nrf] INFO: [30f8dc44-4afd-41ee-aa0f-4d9ebdf85a33] NF registred [Heartbeat:10s] (../src/nrf/nf-sm.c:192)
Open5GS daemon v2.4.4

09/18 09:20:35.155: [app] INFO: Configuration: '/open5gs/install/etc/open5gs/nrf.yaml' (../lib/app/ogs-init.c:129)
09/18 09:20:35.155: [app] INFO: File Logging: '/open5gs/install/var/log/open5gs/nrf.log' (../lib/app/ogs-init.c:132)
09/18 09:20:35.173: [sbi] INFO: nghttp2_server() [127.0.0.10]:7777 (../lib/sbi/nghttp2-server.c:144)
09/18 09:20:35.173: [app] INFO: NRF initialize...done (../src/nrf/app.c:31)
09/18 09:20:38.743: [nrf] INFO: [a1a46294-5604-41ee-b170-5f74ece1c145] NF registred [Heartbeat:10s] (../src/nrf/nf-sm.c:192)
09/18 09:20:38.792: [nrf] INFO: [a1a5aab4-5604-41ee-91de-13cf097006b6] NF registred [Heartbeat:10s] (../src/nrf/nf-sm.c:192)
09/18 09:20:38.795: [nrf] INFO: [a1a6203e-5604-41ee-a7ab-ff3537acc17a] NF registred [Heartbeat:10s] (../src/nrf/nf-sm.c:192)
09/18 09:20:38.796: [nrf] INFO: [a1a5ad48-5604-41ee-9c58-2be40c4df089] NF registred [Heartbeat:10s] (../src/nrf/nf-sm.c:192)
09/18 09:20:38.798: [nrf] INFO: [a1a46974-5604-41ee-a1a3-333a844f74de] NF registred [Heartbeat:10s] (../src/nrf/nf-sm.c:192)
09/18 09:20:38.800: [nrf] INFO: [a1a6221e-5604-41ee-b5de-9dda6a3979ac] NF registred [Heartbeat:10s] (../src/nrf/nf-sm.c:192)
09/18 09:20:39.027: [nrf] INFO: [a1cc8f44-5604-41ee-bc7c-59c1ed0de83d] NF registred [Heartbeat:10s] (../src/nrf/nf-sm.c:192)
09/18 09:20:39.182: [nrf] INFO: [a1d9c09c-5604-41ee-833a-6150767f3e69] NF registred [Heartbeat:10s] (../src/nrf/nf-sm.c:192)
Open5GS daemon v2.4.4

09/18 09:25:47.607: [app] INFO: Configuration: '/open5gs/install/etc/open5gs/nrf.yaml' (../lib/app/ogs-init.c:129)
09/18 09:25:47.607: [app] INFO: File Logging: '/open5gs/install/var/log/open5gs/nrf.log' (../lib/app/ogs-init.c:132)
09/18 09:25:47.609: [sbi] INFO: nghttp2_server() [127.0.0.10]:7777 (../lib/sbi/nghttp2-server.c:144)
09/18 09:25:47.609: [app] INFO: NRF initialize...done (../src/nrf/app.c:31)
09/18 09:25:52.626: [nrf] INFO: [5cc3e270-5605-41ee-90f6-8978c2e740c1] NF registred [Heartbeat:10s] (../src/nrf/nf-sm.c:192)
09/18 09:25:52.629: [nrf] INFO: [5cc3fc7e-5605-41ee-84f1-59eb37c9385c] NF registred [Heartbeat:10s] (../src/nrf/nf-sm.c:192)
09/18 09:25:52.632: [nrf] INFO: [5cc49a6c-5605-41ee-ae2f-0fd178f3a5d6] NF registred [Heartbeat:10s] (../src/nrf/nf-sm.c:192)
09/18 09:25:52.641: [nrf] INFO: [5cc62ee0-5605-41ee-b313-9153a884e020] NF registred [Heartbeat:10s] (../src/nrf/nf-sm.c:192)
09/18 09:25:52.641: [nrf] INFO: [5cc66a68-5605-41ee-81c3-e90ab3939057] NF registred [Heartbeat:10s] (../src/nrf/nf-sm.c:192)
09/18 09:25:52.644: [nrf] INFO: [5cc68872-5605-41ee-8cdc-779fa32febaa] NF registred [Heartbeat:10s] (../src/nrf/nf-sm.c:192)
09/18 09:25:52.644: [nrf] INFO: [5cc662fc-5605-41ee-a7ce-d9a7afb93832] NF registred [Heartbeat:10s] (../src/nrf/nf-sm.c:192)
09/18 09:25:52.762: [nrf] INFO: [5cc84b9e-5605-41ee-84f6-f7bcc161cce2] NF registred [Heartbeat:10s] (../src/nrf/nf-sm.c:192)
Open5GS daemon v2.4.4

09/18 09:40:52.182: [app] INFO: Configuration: '/open5gs/install/etc/open5gs/nrf.yaml' (../lib/app/ogs-init.c:129)
09/18 09:40:52.182: [app] INFO: File Logging: '/open5gs/install/var/log/open5gs/nrf.log' (../lib/app/ogs-init.c:132)
09/18 09:40:52.184: [sbi] INFO: nghttp2_server() [127.0.0.10]:7777 (../lib/sbi/nghttp2-server.c:144)
09/18 09:40:52.185: [app] INFO: NRF initialize...done (../src/nrf/app.c:31)
09/18 09:40:57.237: [nrf] INFO: [77f44b28-5607-41ee-b1b2-2be657878bec] NF registred [Heartbeat:10s] (../src/nrf/nf-sm.c:192)
09/18 09:40:57.237: [nrf] INFO: [77f479c2-5607-41ee-891e-afb89edd9ff4] NF registred [Heartbeat:10s] (../src/nrf/nf-sm.c:192)
09/18 09:40:57.238: [nrf] INFO: [77f49182-5607-41ee-be6c-6f9037a89011] NF registred [Heartbeat:10s] (../src/nrf/nf-sm.c:192)
09/18 09:40:57.242: [nrf] INFO: [77f4e0b0-5607-41ee-8733-673730e7ee95] NF registred [Heartbeat:10s] (../src/nrf/nf-sm.c:192)
09/18 09:40:57.242: [nrf] INFO: [77f4be3c-5607-41ee-a400-2df3d34769b7] NF registred [Heartbeat:10s] (../src/nrf/nf-sm.c:192)
09/18 09:40:57.244: [nrf] INFO: [77f4d11a-5607-41ee-8630-bfeeb7e90c2b] NF registred [Heartbeat:10s] (../src/nrf/nf-sm.c:192)
09/18 09:40:57.246: [nrf] INFO: [77f49dbc-5607-41ee-bc71-d3e0bc077924] NF registred [Heartbeat:10s] (../src/nrf/nf-sm.c:192)
09/18 09:40:57.289: [nrf] INFO: [77f66e80-5607-41ee-a9bb-dbb150a230a0] NF registred [Heartbeat:10s] (../src/nrf/nf-sm.c:192)
Open5GS daemon v2.4.4

09/20 13:53:36.212: [app] INFO: Configuration: '/open5gs/install/etc/open5gs/nrf.yaml' (../lib/app/ogs-init.c:129)
09/20 13:53:36.212: [app] INFO: File Logging: '/open5gs/install/var/log/open5gs/nrf.log' (../lib/app/ogs-init.c:132)
09/20 13:53:36.238: [sbi] INFO: nghttp2_server() [127.0.0.10]:7777 (../lib/sbi/nghttp2-server.c:144)
09/20 13:53:36.239: [app] INFO: NRF initialize...done (../src/nrf/app.c:31)
09/20 13:53:40.031: [nrf] INFO: [1a72794a-57bd-41ee-bdc6-2331d16c3015] NF registred [Heartbeat:10s] (../src/nrf/nf-sm.c:192)
09/20 13:53:40.115: [nrf] INFO: [1a736e36-57bd-41ee-a5c8-6dda88cc2247] NF registred [Heartbeat:10s] (../src/nrf/nf-sm.c:192)
09/20 13:53:40.115: [nrf] INFO: [1a734a50-57bd-41ee-8008-a13c910914d1] NF registred [Heartbeat:10s] (../src/nrf/nf-sm.c:192)
09/20 13:53:40.115: [nrf] INFO: [1a72573a-57bd-41ee-a605-f566539626c3] NF registred [Heartbeat:10s] (../src/nrf/nf-sm.c:192)
09/20 13:53:40.116: [nrf] INFO: [1a72e1dc-57bd-41ee-bb3e-c7a01ae9ac0a] NF registred [Heartbeat:10s] (../src/nrf/nf-sm.c:192)
09/20 13:53:40.116: [nrf] INFO: [1a7697f0-57bd-41ee-9c0a-f5a64b33ddc0] NF registred [Heartbeat:10s] (../src/nrf/nf-sm.c:192)
09/20 13:53:40.167: [nrf] INFO: [1a8dd24e-57bd-41ee-9c81-916504d6aea9] NF registred [Heartbeat:10s] (../src/nrf/nf-sm.c:192)
09/20 13:53:40.492: [nrf] INFO: [1aac820c-57bd-41ee-b212-53227d88c508] NF registred [Heartbeat:10s] (../src/nrf/nf-sm.c:192)
Open5GS daemon v2.4.4

09/20 15:34:24.484: [app] INFO: Configuration: '/open5gs/install/etc/open5gs/nrf.yaml' (../lib/app/ogs-init.c:129)
09/20 15:34:24.484: [app] INFO: File Logging: '/open5gs/install/var/log/open5gs/nrf.log' (../lib/app/ogs-init.c:132)
09/20 15:34:24.488: [sbi] INFO: nghttp2_server() [127.0.0.10]:7777 (../lib/sbi/nghttp2-server.c:144)
09/20 15:34:24.488: [app] INFO: NRF initialize...done (../src/nrf/app.c:31)
09/20 15:34:29.501: [nrf] INFO: [30461890-57cb-41ee-805c-cd719b613c98] NF registred [Heartbeat:10s] (../src/nrf/nf-sm.c:192)
09/20 15:34:29.502: [nrf] INFO: [3046342e-57cb-41ee-883b-213724cd6a29] NF registred [Heartbeat:10s] (../src/nrf/nf-sm.c:192)
09/20 15:34:29.505: [nrf] INFO: [30470688-57cb-41ee-a88b-65fcf95a3e80] NF registred [Heartbeat:10s] (../src/nrf/nf-sm.c:192)
09/20 15:34:29.508: [nrf] INFO: [3046e4f0-57cb-41ee-b8c1-8bf52fcdd69d] NF registred [Heartbeat:10s] (../src/nrf/nf-sm.c:192)
09/20 15:34:29.509: [nrf] INFO: [304757f0-57cb-41ee-83db-cdeaefeefc9a] NF registred [Heartbeat:10s] (../src/nrf/nf-sm.c:192)
09/20 15:34:29.512: [nrf] INFO: [30472852-57cb-41ee-ad26-d3bd398c8780] NF registred [Heartbeat:10s] (../src/nrf/nf-sm.c:192)
09/20 15:34:29.515: [nrf] INFO: [30480d1c-57cb-41ee-9968-55d5221f6765] NF registred [Heartbeat:10s] (../src/nrf/nf-sm.c:192)
09/20 15:34:29.542: [nrf] INFO: [3048a2ea-57cb-41ee-92ad-eda6562283bb] NF registred [Heartbeat:10s] (../src/nrf/nf-sm.c:192)
Open5GS daemon v2.4.4

09/20 15:36:04.278: [app] INFO: Configuration: '/open5gs/install/etc/open5gs/nrf.yaml' (../lib/app/ogs-init.c:129)
09/20 15:36:04.278: [app] INFO: File Logging: '/open5gs/install/var/log/open5gs/nrf.log' (../lib/app/ogs-init.c:132)
09/20 15:36:04.279: [sbi] INFO: nghttp2_server() [127.0.0.10]:7777 (../lib/sbi/nghttp2-server.c:144)
09/20 15:36:04.291: [app] INFO: NRF initialize...done (../src/nrf/app.c:31)
09/20 15:36:09.348: [nrf] INFO: [6bca55de-57cb-41ee-9a27-cf840702123d] NF registred [Heartbeat:10s] (../src/nrf/nf-sm.c:192)
09/20 15:36:09.360: [nrf] INFO: [6bca36bc-57cb-41ee-845c-db3de82d3ecf] NF registred [Heartbeat:10s] (../src/nrf/nf-sm.c:192)
09/20 15:36:09.370: [nrf] INFO: [6bcd5054-57cb-41ee-9196-b55dc4209941] NF registred [Heartbeat:10s] (../src/nrf/nf-sm.c:192)
09/20 15:36:09.373: [nrf] INFO: [6bc743a8-57cb-41ee-a261-95bdd90e493a] NF registred [Heartbeat:10s] (../src/nrf/nf-sm.c:192)
09/20 15:36:09.375: [nrf] INFO: [6bce2ca4-57cb-41ee-9cd9-e357aea15824] NF registred [Heartbeat:10s] (../src/nrf/nf-sm.c:192)
09/20 15:36:09.379: [nrf] INFO: [6bcd9af0-57cb-41ee-b0b0-3fe32eb28017] NF registred [Heartbeat:10s] (../src/nrf/nf-sm.c:192)
09/20 15:36:09.380: [nrf] INFO: [6bce36c2-57cb-41ee-bfe8-6d963677136e] NF registred [Heartbeat:10s] (../src/nrf/nf-sm.c:192)
09/20 15:36:09.380: [nrf] INFO: [6bce9608-57cb-41ee-84d1-8deaeee7f581] NF registred [Heartbeat:10s] (../src/nrf/nf-sm.c:192)
Open5GS daemon v2.4.4

09/22 15:17:16.877: [app] INFO: Configuration: '/open5gs/install/etc/open5gs/nrf.yaml' (../lib/app/ogs-init.c:129)
09/22 15:17:16.877: [app] INFO: File Logging: '/open5gs/install/var/log/open5gs/nrf.log' (../lib/app/ogs-init.c:132)
09/22 15:17:16.940: [sbi] INFO: nghttp2_server() [127.0.0.10]:7777 (../lib/sbi/nghttp2-server.c:144)
09/22 15:17:16.940: [app] INFO: NRF initialize...done (../src/nrf/app.c:31)
09/22 15:17:20.529: [nrf] INFO: [1fc3786e-595b-41ee-b599-ffec34e1355d] NF registred [Heartbeat:10s] (../src/nrf/nf-sm.c:192)
09/22 15:17:20.581: [nrf] INFO: [1fc2709a-595b-41ee-a78c-d756cc42892b] NF registred [Heartbeat:10s] (../src/nrf/nf-sm.c:192)
09/22 15:17:20.581: [nrf] INFO: [1fc25542-595b-41ee-bd3d-adc9af79c7e3] NF registred [Heartbeat:10s] (../src/nrf/nf-sm.c:192)
09/22 15:17:20.581: [nrf] INFO: [1fc32d00-595b-41ee-b017-c1ec8d015d0a] NF registred [Heartbeat:10s] (../src/nrf/nf-sm.c:192)
09/22 15:17:20.581: [nrf] INFO: [1fc26ed8-595b-41ee-8f16-bda99679d13c] NF registred [Heartbeat:10s] (../src/nrf/nf-sm.c:192)
09/22 15:17:20.582: [nrf] INFO: [1fc28454-595b-41ee-b9e0-e5d9b4e8e331] NF registred [Heartbeat:10s] (../src/nrf/nf-sm.c:192)
09/22 15:17:20.726: [nrf] INFO: [1fe3083c-595b-41ee-8c42-7d548f13dff7] NF registred [Heartbeat:10s] (../src/nrf/nf-sm.c:192)
09/22 15:17:20.965: [nrf] INFO: [1ff0481c-595b-41ee-a9f8-0ff40ef4e769] NF registred [Heartbeat:10s] (../src/nrf/nf-sm.c:192)
Open5GS daemon v2.4.4

09/22 16:28:53.594: [app] INFO: Configuration: '/open5gs/install/etc/open5gs/nrf.yaml' (../lib/app/ogs-init.c:129)
09/22 16:28:53.594: [app] INFO: File Logging: '/open5gs/install/var/log/open5gs/nrf.log' (../lib/app/ogs-init.c:132)
09/22 16:28:53.595: [sbi] INFO: nghttp2_server() [127.0.0.10]:7777 (../lib/sbi/nghttp2-server.c:144)
09/22 16:28:53.595: [app] INFO: NRF initialize...done (../src/nrf/app.c:31)
09/22 16:28:58.620: [nrf] INFO: [21a5d0a0-5965-41ee-8d10-e556cff3bb81] NF registred [Heartbeat:10s] (../src/nrf/nf-sm.c:192)
09/22 16:28:58.629: [nrf] INFO: [21a77360-5965-41ee-86df-3155b50bab09] NF registred [Heartbeat:10s] (../src/nrf/nf-sm.c:192)
09/22 16:28:58.637: [nrf] INFO: [21a7696a-5965-41ee-a140-b34461d4e1ea] NF registred [Heartbeat:10s] (../src/nrf/nf-sm.c:192)
09/22 16:28:58.637: [nrf] INFO: [21a8d64c-5965-41ee-ab94-213f54798d0f] NF registred [Heartbeat:10s] (../src/nrf/nf-sm.c:192)
09/22 16:28:58.641: [nrf] INFO: [21a8efb0-5965-41ee-ba00-9992f3f9a08c] NF registred [Heartbeat:10s] (../src/nrf/nf-sm.c:192)
09/22 16:28:58.643: [nrf] INFO: [21a99f1e-5965-41ee-998a-1d5945c9a4da] NF registred [Heartbeat:10s] (../src/nrf/nf-sm.c:192)
09/22 16:28:58.646: [nrf] INFO: [21a9bc88-5965-41ee-89c0-b90d4080dfb8] NF registred [Heartbeat:10s] (../src/nrf/nf-sm.c:192)
09/22 16:28:58.665: [nrf] INFO: [21a74750-5965-41ee-926d-3bff6a3dfa85] NF registred [Heartbeat:10s] (../src/nrf/nf-sm.c:192)
