Open5GS daemon v2.4.4

08/31 10:54:38.480: [app] INFO: Configuration: '/open5gs/install/etc/open5gs/nssf.yaml' (../lib/app/ogs-init.c:129)
08/31 10:54:38.480: [app] INFO: File Logging: '/open5gs/install/var/log/open5gs/nssf.log' (../lib/app/ogs-init.c:132)
08/31 10:54:38.480: [sbi] INFO: nghttp2_server() [127.0.0.14]:7777 (../lib/sbi/nghttp2-server.c:144)
08/31 10:54:38.534: [app] INFO: NSSF initialize...done (../src/nssf/app.c:31)
08/31 10:54:38.581: [nssf] INFO: [c7c9c408-47ec-41ee-b986-c709e9223335] NF registred [Heartbeat:10s] (../src/nssf/nf-sm.c:198)
Open5GS daemon v2.4.4

08/31 10:58:34.859: [app] INFO: Configuration: '/open5gs/install/etc/open5gs/nssf.yaml' (../lib/app/ogs-init.c:129)
08/31 10:58:34.859: [app] INFO: File Logging: '/open5gs/install/var/log/open5gs/nssf.log' (../lib/app/ogs-init.c:132)
08/31 10:58:34.863: [sbi] INFO: nghttp2_server() [127.0.0.14]:7777 (../lib/sbi/nghttp2-server.c:144)
08/31 10:58:34.868: [app] INFO: NSSF initialize...done (../src/nssf/app.c:31)
08/31 10:58:34.868: [nssf] INFO: [54ae8aa2-47ed-41ee-bf47-c9d89d608090] NF registred [Heartbeat:10s] (../src/nssf/nf-sm.c:198)
Open5GS daemon v2.4.4

08/31 11:05:09.321: [app] INFO: Configuration: '/open5gs/install/etc/open5gs/nssf.yaml' (../lib/app/ogs-init.c:129)
08/31 11:05:09.321: [app] INFO: File Logging: '/open5gs/install/var/log/open5gs/nssf.log' (../lib/app/ogs-init.c:132)
08/31 11:05:09.322: [sbi] INFO: nghttp2_server() [127.0.0.14]:7777 (../lib/sbi/nghttp2-server.c:144)
08/31 11:05:09.326: [app] INFO: NSSF initialize...done (../src/nssf/app.c:31)
08/31 11:05:09.327: [nssf] INFO: [3fcc88a4-47ee-41ee-9b5b-49790e8075c0] NF registred [Heartbeat:10s] (../src/nssf/nf-sm.c:198)
Open5GS daemon v2.4.4

08/31 12:32:40.205: [app] INFO: Configuration: '/open5gs/install/etc/open5gs/nssf.yaml' (../lib/app/ogs-init.c:129)
08/31 12:32:40.205: [app] INFO: File Logging: '/open5gs/install/var/log/open5gs/nssf.log' (../lib/app/ogs-init.c:132)
08/31 12:32:40.206: [sbi] INFO: nghttp2_server() [127.0.0.14]:7777 (../lib/sbi/nghttp2-server.c:144)
08/31 12:32:40.209: [app] INFO: NSSF initialize...done (../src/nssf/app.c:31)
08/31 12:32:40.210: [nssf] INFO: [7991d038-47fa-41ee-b13a-3f00a7cff68d] NF registred [Heartbeat:10s] (../src/nssf/nf-sm.c:198)
Open5GS daemon v2.4.4

08/31 14:53:54.460: [app] INFO: Configuration: '/open5gs/install/etc/open5gs/nssf.yaml' (../lib/app/ogs-init.c:129)
08/31 14:53:54.460: [app] INFO: File Logging: '/open5gs/install/var/log/open5gs/nssf.log' (../lib/app/ogs-init.c:132)
08/31 14:53:54.461: [sbi] INFO: nghttp2_server() [127.0.0.14]:7777 (../lib/sbi/nghttp2-server.c:144)
08/31 14:53:54.466: [app] INFO: NSSF initialize...done (../src/nssf/app.c:31)
08/31 14:53:54.467: [nssf] INFO: [349e8a16-480e-41ee-b65b-77d4e36f75d6] NF registred [Heartbeat:10s] (../src/nssf/nf-sm.c:198)
Open5GS daemon v2.4.4

08/31 17:08:27.661: [app] INFO: Configuration: '/open5gs/install/etc/open5gs/nssf.yaml' (../lib/app/ogs-init.c:129)
08/31 17:08:27.661: [app] INFO: File Logging: '/open5gs/install/var/log/open5gs/nssf.log' (../lib/app/ogs-init.c:132)
08/31 17:08:27.662: [sbi] INFO: nghttp2_server() [127.0.0.14]:7777 (../lib/sbi/nghttp2-server.c:144)
08/31 17:08:27.665: [app] INFO: NSSF initialize...done (../src/nssf/app.c:31)
08/31 17:08:27.666: [nssf] INFO: [009f3f2c-4821-41ee-b798-dd1fd4c36f6c] NF registred [Heartbeat:10s] (../src/nssf/nf-sm.c:198)
Open5GS daemon v2.4.4

09/04 08:29:40.402: [app] INFO: Configuration: '/open5gs/install/etc/open5gs/nssf.yaml' (../lib/app/ogs-init.c:129)
09/04 08:29:40.402: [app] INFO: File Logging: '/open5gs/install/var/log/open5gs/nssf.log' (../lib/app/ogs-init.c:132)
09/04 08:29:40.403: [sbi] INFO: nghttp2_server() [127.0.0.14]:7777 (../lib/sbi/nghttp2-server.c:144)
09/04 08:29:40.439: [app] INFO: NSSF initialize...done (../src/nssf/app.c:31)
09/04 08:29:40.503: [nssf] INFO: [30fb780a-4afd-41ee-b258-13d0d4cb601f] NF registred [Heartbeat:10s] (../src/nssf/nf-sm.c:198)
Open5GS daemon v2.4.4

09/18 09:20:38.682: [app] INFO: Configuration: '/open5gs/install/etc/open5gs/nssf.yaml' (../lib/app/ogs-init.c:129)
09/18 09:20:38.682: [app] INFO: File Logging: '/open5gs/install/var/log/open5gs/nssf.log' (../lib/app/ogs-init.c:132)
09/18 09:20:38.683: [sbi] INFO: nghttp2_server() [127.0.0.14]:7777 (../lib/sbi/nghttp2-server.c:144)
09/18 09:20:38.742: [app] INFO: NSSF initialize...done (../src/nssf/app.c:31)
09/18 09:20:38.803: [nssf] INFO: [a1a46974-5604-41ee-a1a3-333a844f74de] NF registred [Heartbeat:10s] (../src/nssf/nf-sm.c:198)
Open5GS daemon v2.4.4

09/18 09:25:52.639: [app] INFO: Configuration: '/open5gs/install/etc/open5gs/nssf.yaml' (../lib/app/ogs-init.c:129)
09/18 09:25:52.639: [app] INFO: File Logging: '/open5gs/install/var/log/open5gs/nssf.log' (../lib/app/ogs-init.c:132)
09/18 09:25:52.639: [sbi] INFO: nghttp2_server() [127.0.0.14]:7777 (../lib/sbi/nghttp2-server.c:144)
09/18 09:25:52.641: [app] INFO: NSSF initialize...done (../src/nssf/app.c:31)
09/18 09:25:52.642: [nssf] INFO: [5cc66a68-5605-41ee-81c3-e90ab3939057] NF registred [Heartbeat:10s] (../src/nssf/nf-sm.c:198)
Open5GS daemon v2.4.4

09/18 09:40:57.231: [app] INFO: Configuration: '/open5gs/install/etc/open5gs/nssf.yaml' (../lib/app/ogs-init.c:129)
09/18 09:40:57.231: [app] INFO: File Logging: '/open5gs/install/var/log/open5gs/nssf.log' (../lib/app/ogs-init.c:132)
09/18 09:40:57.232: [sbi] INFO: nghttp2_server() [127.0.0.14]:7777 (../lib/sbi/nghttp2-server.c:144)
09/18 09:40:57.236: [app] INFO: NSSF initialize...done (../src/nssf/app.c:31)
09/18 09:40:57.238: [nssf] INFO: [77f44b28-5607-41ee-b1b2-2be657878bec] NF registred [Heartbeat:10s] (../src/nssf/nf-sm.c:198)
