Open5GS daemon v2.4.4

08/31 10:54:38.493: [app] INFO: Configuration: '/open5gs/install/etc/open5gs/pcf.yaml' (../lib/app/ogs-init.c:129)
08/31 10:54:38.493: [app] INFO: File Logging: '/open5gs/install/var/log/open5gs/pcf.log' (../lib/app/ogs-init.c:132)
08/31 10:54:38.530: [dbi] INFO: MongoDB URI: 'mongodb://localhost/open5gs' (../lib/dbi/ogs-mongoc.c:130)
08/31 10:54:38.530: [sbi] INFO: nghttp2_server() [127.0.0.13]:7777 (../lib/sbi/nghttp2-server.c:144)
08/31 10:54:38.539: [app] INFO: PCF initialize...done (../src/pcf/app.c:31)
08/31 10:54:38.589: [pcf] INFO: [c7cbd450-47ec-41ee-861f-936be71311b7] NF registred [Heartbeat:10s] (../src/pcf/nf-sm.c:198)
Open5GS daemon v2.4.4

08/31 10:58:34.866: [app] INFO: Configuration: '/open5gs/install/etc/open5gs/pcf.yaml' (../lib/app/ogs-init.c:129)
08/31 10:58:34.866: [app] INFO: File Logging: '/open5gs/install/var/log/open5gs/pcf.log' (../lib/app/ogs-init.c:132)
08/31 10:58:34.867: [dbi] INFO: MongoDB URI: 'mongodb://localhost/open5gs' (../lib/dbi/ogs-mongoc.c:130)
08/31 10:58:34.867: [sbi] INFO: nghttp2_server() [127.0.0.13]:7777 (../lib/sbi/nghttp2-server.c:144)
08/31 10:58:34.869: [app] INFO: PCF initialize...done (../src/pcf/app.c:31)
08/31 10:58:34.869: [pcf] INFO: [54af6bb6-47ed-41ee-a346-7985c105213c] NF registred [Heartbeat:10s] (../src/pcf/nf-sm.c:198)
08/31 10:58:34.871: [pcf] INFO: [54af36dc-47ed-41ee-bed9-db96044a8259] (NRF-notify) NF registered (../src/pcf/nnrf-handler.c:180)
08/31 10:58:34.871: [pcf] INFO: [54af36dc-47ed-41ee-bed9-db96044a8259] (NRF-notify) NF Profile updated (../src/pcf/nnrf-handler.c:199)
Open5GS daemon v2.4.4

08/31 11:05:09.329: [app] INFO: Configuration: '/open5gs/install/etc/open5gs/pcf.yaml' (../lib/app/ogs-init.c:129)
08/31 11:05:09.329: [app] INFO: File Logging: '/open5gs/install/var/log/open5gs/pcf.log' (../lib/app/ogs-init.c:132)
08/31 11:05:09.332: [dbi] INFO: MongoDB URI: 'mongodb://localhost/open5gs' (../lib/dbi/ogs-mongoc.c:130)
08/31 11:05:09.332: [sbi] INFO: nghttp2_server() [127.0.0.13]:7777 (../lib/sbi/nghttp2-server.c:144)
08/31 11:05:09.333: [app] INFO: PCF initialize...done (../src/pcf/app.c:31)
08/31 11:05:09.333: [pcf] INFO: [3fcdbfda-47ee-41ee-964f-37e15beaaf61] NF registred [Heartbeat:10s] (../src/pcf/nf-sm.c:198)
Open5GS daemon v2.4.4

08/31 12:32:40.222: [app] INFO: Configuration: '/open5gs/install/etc/open5gs/pcf.yaml' (../lib/app/ogs-init.c:129)
08/31 12:32:40.222: [app] INFO: File Logging: '/open5gs/install/var/log/open5gs/pcf.log' (../lib/app/ogs-init.c:132)
08/31 12:32:40.227: [dbi] INFO: MongoDB URI: 'mongodb://localhost/open5gs' (../lib/dbi/ogs-mongoc.c:130)
08/31 12:32:40.227: [sbi] INFO: nghttp2_server() [127.0.0.13]:7777 (../lib/sbi/nghttp2-server.c:144)
08/31 12:32:40.227: [app] INFO: PCF initialize...done (../src/pcf/app.c:31)
08/31 12:32:40.229: [pcf] INFO: [799496a6-47fa-41ee-a48d-d51d30c046ab] NF registred [Heartbeat:10s] (../src/pcf/nf-sm.c:198)
Open5GS daemon v2.4.4

08/31 14:53:54.457: [app] INFO: Configuration: '/open5gs/install/etc/open5gs/pcf.yaml' (../lib/app/ogs-init.c:129)
08/31 14:53:54.457: [app] INFO: File Logging: '/open5gs/install/var/log/open5gs/pcf.log' (../lib/app/ogs-init.c:132)
08/31 14:53:54.468: [dbi] INFO: MongoDB URI: 'mongodb://localhost/open5gs' (../lib/dbi/ogs-mongoc.c:130)
08/31 14:53:54.468: [sbi] INFO: nghttp2_server() [127.0.0.13]:7777 (../lib/sbi/nghttp2-server.c:144)
08/31 14:53:54.471: [app] INFO: PCF initialize...done (../src/pcf/app.c:31)
08/31 14:53:54.473: [pcf] INFO: [349e81ce-480e-41ee-96d6-b3c344a50d2a] NF registred [Heartbeat:10s] (../src/pcf/nf-sm.c:198)
08/31 14:53:54.475: [pcf] INFO: [349ebad6-480e-41ee-8b1c-a141956c3e2b] (NRF-notify) NF registered (../src/pcf/nnrf-handler.c:180)
08/31 14:53:54.475: [pcf] INFO: [349ebad6-480e-41ee-8b1c-a141956c3e2b] (NRF-notify) NF Profile updated (../src/pcf/nnrf-handler.c:199)
08/31 14:54:17.897: [app] WARNING: Try to discover [BSF] (../lib/sbi/path.c:110)
08/31 14:54:17.900: [pcf] INFO: [349e4b8c-480e-41ee-aa99-91a78a755ac0] (NF-discover) NF registered (../src/pcf/nnrf-handler.c:286)
08/31 14:54:17.900: [pcf] INFO: [349e4b8c-480e-41ee-aa99-91a78a755ac0] (NF-discover) NF Profile updated (../src/pcf/nnrf-handler.c:346)
Open5GS daemon v2.4.4

08/31 17:08:27.650: [app] INFO: Configuration: '/open5gs/install/etc/open5gs/pcf.yaml' (../lib/app/ogs-init.c:129)
08/31 17:08:27.650: [app] INFO: File Logging: '/open5gs/install/var/log/open5gs/pcf.log' (../lib/app/ogs-init.c:132)
08/31 17:08:27.663: [dbi] INFO: MongoDB URI: 'mongodb://localhost/open5gs' (../lib/dbi/ogs-mongoc.c:130)
08/31 17:08:27.663: [sbi] INFO: nghttp2_server() [127.0.0.13]:7777 (../lib/sbi/nghttp2-server.c:144)
08/31 17:08:27.663: [app] INFO: PCF initialize...done (../src/pcf/app.c:31)
08/31 17:08:27.664: [pcf] INFO: [009d7a52-4821-41ee-8ac8-db72add65a29] NF registred [Heartbeat:10s] (../src/pcf/nf-sm.c:198)
08/31 17:08:50.292: [app] WARNING: Try to discover [UDR] (../lib/sbi/path.c:110)
08/31 17:08:50.294: [pcf] INFO: [009eb494-4821-41ee-bd6f-b5122417d018] (NF-discover) NF registered (../src/pcf/nnrf-handler.c:286)
08/31 17:08:50.295: [pcf] INFO: [009eb494-4821-41ee-bd6f-b5122417d018] (NF-discover) NF Profile updated (../src/pcf/nnrf-handler.c:346)
08/31 17:08:50.795: [app] WARNING: Try to discover [BSF] (../lib/sbi/path.c:110)
08/31 17:08:50.797: [app] WARNING: Try to discover [BSF] (../lib/sbi/path.c:110)
08/31 17:08:50.798: [pcf] INFO: [009cc2c4-4821-41ee-8f9f-97ff2ff8fdc0] (NF-discover) NF registered (../src/pcf/nnrf-handler.c:286)
08/31 17:08:50.799: [pcf] INFO: [009cc2c4-4821-41ee-8f9f-97ff2ff8fdc0] (NF-discover) NF Profile updated (../src/pcf/nnrf-handler.c:346)
08/31 17:08:50.802: [pcf] WARNING: [009cc2c4-4821-41ee-8f9f-97ff2ff8fdc0] (NF-discover) NF has already been added (../src/pcf/nnrf-handler.c:291)
08/31 17:08:50.802: [pcf] INFO: [009cc2c4-4821-41ee-8f9f-97ff2ff8fdc0] (NF-discover) NF Profile updated (../src/pcf/nnrf-handler.c:346)
Open5GS daemon v2.4.4

09/04 08:29:40.389: [app] INFO: Configuration: '/open5gs/install/etc/open5gs/pcf.yaml' (../lib/app/ogs-init.c:129)
09/04 08:29:40.389: [app] INFO: File Logging: '/open5gs/install/var/log/open5gs/pcf.log' (../lib/app/ogs-init.c:132)
09/04 08:29:40.428: [dbi] INFO: MongoDB URI: 'mongodb://localhost/open5gs' (../lib/dbi/ogs-mongoc.c:130)
09/04 08:29:40.428: [sbi] INFO: nghttp2_server() [127.0.0.13]:7777 (../lib/sbi/nghttp2-server.c:144)
09/04 08:29:40.439: [app] INFO: PCF initialize...done (../src/pcf/app.c:31)
09/04 08:29:40.501: [pcf] INFO: [30f96876-4afd-41ee-90eb-9b2965d6ebbc] NF registred [Heartbeat:10s] (../src/pcf/nf-sm.c:198)
Open5GS daemon v2.4.4

09/18 09:20:38.693: [app] INFO: Configuration: '/open5gs/install/etc/open5gs/pcf.yaml' (../lib/app/ogs-init.c:129)
09/18 09:20:38.693: [app] INFO: File Logging: '/open5gs/install/var/log/open5gs/pcf.log' (../lib/app/ogs-init.c:132)
09/18 09:20:38.732: [dbi] INFO: MongoDB URI: 'mongodb://localhost/open5gs' (../lib/dbi/ogs-mongoc.c:130)
09/18 09:20:38.732: [sbi] INFO: nghttp2_server() [127.0.0.13]:7777 (../lib/sbi/nghttp2-server.c:144)
09/18 09:20:38.742: [app] INFO: PCF initialize...done (../src/pcf/app.c:31)
09/18 09:20:38.801: [pcf] INFO: [a1a6203e-5604-41ee-a7ab-ff3537acc17a] NF registred [Heartbeat:10s] (../src/pcf/nf-sm.c:198)
Open5GS daemon v2.4.4

09/18 09:25:52.638: [app] INFO: Configuration: '/open5gs/install/etc/open5gs/pcf.yaml' (../lib/app/ogs-init.c:129)
09/18 09:25:52.638: [app] INFO: File Logging: '/open5gs/install/var/log/open5gs/pcf.log' (../lib/app/ogs-init.c:132)
09/18 09:25:52.643: [dbi] INFO: MongoDB URI: 'mongodb://localhost/open5gs' (../lib/dbi/ogs-mongoc.c:130)
09/18 09:25:52.643: [sbi] INFO: nghttp2_server() [127.0.0.13]:7777 (../lib/sbi/nghttp2-server.c:144)
09/18 09:25:52.644: [app] INFO: PCF initialize...done (../src/pcf/app.c:31)
09/18 09:25:52.645: [pcf] INFO: [5cc662fc-5605-41ee-a7ce-d9a7afb93832] NF registred [Heartbeat:10s] (../src/pcf/nf-sm.c:198)
09/18 09:26:15.272: [app] WARNING: Try to discover [UDR] (../lib/sbi/path.c:110)
09/18 09:26:15.275: [pcf] INFO: [5cc68872-5605-41ee-8cdc-779fa32febaa] (NF-discover) NF registered (../src/pcf/nnrf-handler.c:286)
09/18 09:26:15.275: [pcf] INFO: [5cc68872-5605-41ee-8cdc-779fa32febaa] (NF-discover) NF Profile updated (../src/pcf/nnrf-handler.c:346)
09/18 09:26:15.785: [app] WARNING: Try to discover [BSF] (../lib/sbi/path.c:110)
09/18 09:26:15.788: [pcf] INFO: [5cc62ee0-5605-41ee-b313-9153a884e020] (NF-discover) NF registered (../src/pcf/nnrf-handler.c:286)
09/18 09:26:15.789: [pcf] INFO: [5cc62ee0-5605-41ee-b313-9153a884e020] (NF-discover) NF Profile updated (../src/pcf/nnrf-handler.c:346)
Open5GS daemon v2.4.4

09/18 09:40:57.232: [app] INFO: Configuration: '/open5gs/install/etc/open5gs/pcf.yaml' (../lib/app/ogs-init.c:129)
09/18 09:40:57.232: [app] INFO: File Logging: '/open5gs/install/var/log/open5gs/pcf.log' (../lib/app/ogs-init.c:132)
09/18 09:40:57.235: [dbi] INFO: MongoDB URI: 'mongodb://localhost/open5gs' (../lib/dbi/ogs-mongoc.c:130)
09/18 09:40:57.235: [sbi] INFO: nghttp2_server() [127.0.0.13]:7777 (../lib/sbi/nghttp2-server.c:144)
09/18 09:40:57.236: [app] INFO: PCF initialize...done (../src/pcf/app.c:31)
09/18 09:40:57.238: [pcf] INFO: [77f479c2-5607-41ee-891e-afb89edd9ff4] NF registred [Heartbeat:10s] (../src/pcf/nf-sm.c:198)
09/18 09:40:57.246: [pcf] INFO: [77f49dbc-5607-41ee-bc71-d3e0bc077924] (NRF-notify) NF registered (../src/pcf/nnrf-handler.c:180)
09/18 09:40:57.246: [pcf] INFO: [77f49dbc-5607-41ee-bc71-d3e0bc077924] (NRF-notify) NF Profile updated (../src/pcf/nnrf-handler.c:199)
09/18 09:41:19.746: [app] WARNING: Try to discover [UDR] (../lib/sbi/path.c:110)
09/18 09:41:19.748: [pcf] INFO: [77f49182-5607-41ee-be6c-6f9037a89011] (NF-discover) NF registered (../src/pcf/nnrf-handler.c:286)
09/18 09:41:19.749: [pcf] INFO: [77f49182-5607-41ee-be6c-6f9037a89011] (NF-discover) NF Profile updated (../src/pcf/nnrf-handler.c:346)
