UERANSIM v3.2.6
[2023-09-22 16:29:20.307] [nas] [info] UE switches to state [MM-DEREGISTERED/PLMN-SEARCH]
[2023-09-22 16:29:20.317] [rrc] [debug] New signal detected for cell[1], total [1] cells in coverage
[2023-09-22 16:29:20.317] [nas] [info] Selected plmn[001/01]
[2023-09-22 16:29:20.317] [rrc] [info] Selected cell plmn[001/01] tac[1] category[SUITABLE]
[2023-09-22 16:29:20.317] [nas] [info] UE switches to state [MM-DEREGISTERED/PS]
[2023-09-22 16:29:20.317] [nas] [info] UE switches to state [MM-DEREGISTERED/NORMAL-SERVICE]
[2023-09-22 16:29:20.317] [nas] [debug] Initial registration required due to [MM-DEREG-NORMAL-SERVICE]
[2023-09-22 16:29:20.319] [nas] [debug] UAC access attempt is allowed for identity[0], category[MO_sig]
[2023-09-22 16:29:20.319] [nas] [debug] Sending Initial Registration
[2023-09-22 16:29:20.319] [nas] [info] UE switches to state [MM-REGISTER-INITIATED]
[2023-09-22 16:29:20.319] [rrc] [debug] Sending RRC Setup Request
[2023-09-22 16:29:20.324] [rrc] [info] RRC connection established
[2023-09-22 16:29:20.324] [rrc] [info] UE switches to state [RRC-CONNECTED]
[2023-09-22 16:29:20.324] [nas] [info] UE switches to state [CM-CONNECTED]
[2023-09-22 16:29:20.470] [nas] [debug] Authentication Request received
[2023-09-22 16:29:20.470] [nas] [debug] Sending Authentication Failure due to SQN out of range
[2023-09-22 16:29:20.618] [nas] [debug] Authentication Request received
[2023-09-22 16:29:20.773] [nas] [debug] Security Mode Command received
[2023-09-22 16:29:20.773] [nas] [debug] Selected integrity[2] ciphering[0]
[2023-09-22 16:29:20.936] [nas] [debug] Registration accept received
[2023-09-22 16:29:20.936] [nas] [info] UE switches to state [MM-REGISTERED/NORMAL-SERVICE]
[2023-09-22 16:29:20.936] [nas] [debug] Sending Registration Complete
[2023-09-22 16:29:20.936] [nas] [info] Initial Registration is successful
[2023-09-22 16:29:20.936] [nas] [debug] Sending PDU Session Establishment Request
[2023-09-22 16:29:20.936] [nas] [debug] UAC access attempt is allowed for identity[0], category[MO_sig]
[2023-09-22 16:29:20.936] [nas] [debug] Sending PDU Session Establishment Request
[2023-09-22 16:29:20.936] [nas] [debug] UAC access attempt is allowed for identity[0], category[MO_sig]
[2023-09-22 16:29:21.433] [nas] [debug] Configuration Update Command received
[2023-09-22 16:29:21.438] [nas] [debug] PDU Session Establishment Accept received
[2023-09-22 16:29:21.438] [nas] [info] PDU Session establishment is successful PSI[1]
[2023-09-22 16:29:21.489] [app] [info] Connection setup for PDU session[1] is successful, TUN interface[uesimtun0, 10.45.0.2] is up.
[2023-09-22 16:29:21.552] [nas] [debug] PDU Session Establishment Accept received
[2023-09-22 16:29:21.552] [nas] [info] PDU Session establishment is successful PSI[2]
[2023-09-22 16:29:21.575] [app] [info] Connection setup for PDU session[2] is successful, TUN interface[uesimtun1, 10.46.0.2] is up.
[2023-09-22 16:45:15.906] [nas] [debug] Sending PDU Session Establishment Request
[2023-09-22 16:45:16.007] [nas] [error] No response from RRC from UAC checks, considering access attempt is barred
[2023-09-22 16:45:32.538] [nas] [warning] Retransmitting PDU Session Establishment Request due to T3580 expiry
[2023-09-22 16:45:32.543] [nas] [debug] UAC access attempt is allowed for identity[0], category[MO_sig]
[2023-09-22 16:45:32.715] [nas] [debug] PDU Session Establishment Accept received
[2023-09-22 16:45:32.715] [nas] [info] PDU Session establishment is successful PSI[3]
[2023-09-22 16:45:32.739] [app] [info] Connection setup for PDU session[3] is successful, TUN interface[uesimtun2, 10.45.0.3] is up.
[2023-09-22 16:45:34.695] [nas] [debug] Sending PDU Session Establishment Request
[2023-09-22 16:45:34.796] [nas] [error] No response from RRC from UAC checks, considering access attempt is barred
[2023-09-22 16:45:51.569] [nas] [warning] Retransmitting PDU Session Establishment Request due to T3580 expiry
[2023-09-22 16:45:51.569] [nas] [debug] UAC access attempt is allowed for identity[0], category[MO_sig]
[2023-09-22 16:45:51.925] [nas] [debug] PDU Session Establishment Accept received
[2023-09-22 16:45:51.925] [nas] [info] PDU Session establishment is successful PSI[4]
[2023-09-22 16:45:51.950] [app] [info] Connection setup for PDU session[4] is successful, TUN interface[uesimtun3, 10.46.0.3] is up.
[2023-09-22 16:50:00.948] [rrc] [debug] Signal lost for cell[1], total [0] cells in coverage
[2023-09-22 16:50:00.948] [nas] [error] Radio link failure detected
[2023-09-22 16:50:00.948] [nas] [info] UE switches to state [CM-IDLE]
[2023-09-22 16:50:00.948] [nas] [info] UE switches to state [MM-REGISTERED/PS]
[2023-09-22 16:50:00.948] [nas] [info] UE switches to state [MM-REGISTERED/PLMN-SEARCH]
[2023-09-22 16:50:00.948] [nas] [error] PLMN selection failure, no cells in coverage
